Case #1:
GGG
CCJ
CCJ
Case #2:
CODE
CODE
CJAM
Case #3:
CA
KE
Case #4:
VVVVVVVVVVVVVDYYYYYYYYYYY
VVVVVVVVVVVVVDPPPPPPPPPPP
VVVVVVVVVVVVVDPPPPPPPPPPP
VVVVVVVVVVVVVDCQRRTTTTTTT
VVVVVVVVVVVVVDCQRRHHHHMMM
VVVVVVVVVVVVVDCQRRHHHHMMM
AAKKKKKKKKKKLDCQRRHHHHMMM
AAKKKKKKKKKKLDCQRRHHHHMMM
AAUUXXXXXXXXLDCQRRHHHHMMM
AAUUXXXXXXXXLDCQRRHHHHMMM
AAUUXXXXXXXXLDCQRRHHHHMMM
AAUUXXXXXXXXLDCQRRHHHHMMM
AAUUXXXXXXXXSDCQRRHHHHMMM
AAUUXXXXXXXXSDCQRRHHHHGGG
AAUUIIIIIIIISDCQRRHHHHGGG
AAWWIIIIIIIISDCQRRHHHHGGG
AAWWIIIIIIIISDCQRRHHHHGGG
AAWWIIIIIIIISOCQRRHHHHGGG
AAWWIIIIIIIISOCQRRHHHHGGG
AAWWIIIIIIIISOCQRRHHHHGGG
AAWWIIIIIIIISOCQRRHHHHNNN
ZZWWIIIIIIIISOCQRRHHHHNNN
ZZWWBBBBBBBBSOCQRRHHHHNNN
ZZWWBBBBBBBBSOCQRRHHHHNNN
ZZWWFFFFFFFFJOCQRREEEENNN
Case #5:
YYYYKKKKKKKKKKKKKKKKKKKKK
YYYYKKKKKKKKKKKKKKKKKKKKK
YYYYXXXXXXXXXXXXXXXXXXXXX
YYYYTTTTTTTTTTMMOOOVVVVVV
YYYYTTTTTTTTTTMMOOOVVVVVV
YYYYTTTTTTTTTTMMOOOVVVVVV
YYYYTTTTTTTTTTMMOOOVVVVVV
YYYYTTTTTTTTTTMMCFFDDDPPP
YYYYTTTTTTTTTTMMCFFDDDPPP
YYYYTTTTTTTTTTMMCFFDDDPPP
YYYYTTTTTTTTTTMMCFFDDDPPP
YYYYTTTTTTTTTTMMCFFDDDBNA
YYYYZZZZZZHHHHMMCFFDDDBNA
YYYYZZZZZZHHHHMMCFFDDDBNA
YYYYZZZZZZHHHHMMCFFDDDBNA
YYYYZZZZZZHHHHMMCFFDDDBNA
YYYYZZZZZZHHHHMMCFFDDDBNA
YYYYZZZZZZIIIIMMCFFSSSBNA
YYYYZZZZZZIIIIMMCFFSSSBNA
JJJJZZZZZZGGGGMMCFFSSSBNA
JJJJZZZZZZGGGGMMCFFSSSBNA
JJJJZZZZZZGGGGMMCFFSSSBNA
JJJJUUUUUUGGGGMMCFFSSSBNA
JJJJUUUUUUGGGGMMCWWSSSBNA
REEEEQQQQQQQQLMMCWWSSSBNA
Case #6:
NNVVYYWXXJJJJJJJJJJJJJJJJ
LZIICCUXXJJJJJJJJJJJJJJJJ
KZIIQRFSSJJJJJJJJJJJJJJJJ
AZHHBRGSSJJJJJJJJJJJJJJJJ
AZOOBRGSSJJJJJJJJJJJJJJJJ
APPEBRGSSJJJJJJJJJJJJJJJJ
ATMEBRGSSJJJJJJJJJJJJJJJJ
ATDEBRGSSJJJJJJJJJJJJJJJJ
ATDEBRGSSJJJJJJJJJJJJJJJJ
ATDEBRGSSJJJJJJJJJJJJJJJJ
ATDEBRGSSJJJJJJJJJJJJJJJJ
ATDEBRGSSJJJJJJJJJJJJJJJJ
ATDEBRGSSJJJJJJJJJJJJJJJJ
ATDEBRGSSJJJJJJJJJJJJJJJJ
ATDEBRGSSJJJJJJJJJJJJJJJJ
ATDEBRGSSJJJJJJJJJJJJJJJJ
ATDEBRGSSJJJJJJJJJJJJJJJJ
ATDEBRGSSJJJJJJJJJJJJJJJJ
ATDEBRGSSJJJJJJJJJJJJJJJJ
ATDEBRGSSJJJJJJJJJJJJJJJJ
ATDEBRGSSJJJJJJJJJJJJJJJJ
ATDEBRGSSJJJJJJJJJJJJJJJJ
ATDEBRGSSJJJJJJJJJJJJJJJJ
ATDEBRGSSJJJJJJJJJJJJJJJJ
ATDEBRGSSJJJJJJJJJJJJJJJJ
Case #7:
AA
Case #8:
BBFEECMJJGLLIKAAAHHHHDDDD
Case #9:
RRRRRRRRRRRSSSSSSSSUUUUUU
RRRRRRRRRRRSSSSSSSSUUUUUU
RRRRRRRRRRRSSSSSSSSUUUUUU
RRRRRRRRRRRSSSSSSSSUUUUUU
XXXXBBBBBBBSSSSSSSSUUUUUU
XXXXBBBBBBBSSSSSSSSUUUUUU
XXXXVEEEEEESSSSSSSSWWWWCC
XXXXVEEEEEEQQQQQQNNWWWWCC
XXXXVEEEEEEQQQQQQNNWWWWCC
XXXXVEEEEEEQQQQQQNNWWWWCC
XXXXVEEEEEEQQQQQQNNWWWWCC
AAAAVLLFFFFQQQQQQNNWWWWCC
AAAAVLLFFFFQQQQQQNNWWWWCC
AAAAVLLFFFFQQQQQQNNWWWWCC
AAAAVLLFFFFQQQQQQNNWWWWCC
AAAAVLLFFFFQQQQQQNNWWWWCC
AAAAVLLFFFFQQQQQQNNWWWWCC
AAAAVLLFFFFQQQQQQNNWWWWCC
YKKKVTHFFFFZZZZZZNNWWWWPP
YKKKVTHFFFFZZZZZZNNWWWWPP
YKKKVTHFFFFZZZZZZNNWWWWPP
YJJJVTHFFFFZZZZZZNNWWWWPP
YJJJVGHFFFFZZZZZZNNWWWWII
YJJJVGHFFFFZZZZZZNNWWWWII
YJJJVGHFFFFMMMMMMNNDDDOII
Case #10:
CD
BA
Case #11:
HHHHHHHHHHHHHHHHHHHHHHHHH
HHHHHHHHHHHHHHHHHHHHHHHHH
HHHHHHHHHHHHHHHHHHHHHHHHH
XXXXXXXXXXXXXXXXXXXMMMMMM
XXXXXXXXXXXXXXXXXXXMMMMMM
XXXXXXXXXXXXXXXXXXXMMMMMM
UUUZZZZZZZZZZZZZZZZMMMMMM
UUUJJJJJJJJJJJJJJJJMMMMMM
UUUJJJJJJJJJJJJJJJJMMMMMM
UUUBBBBBBBBBBBBGGGGMMMMMM
UUUBBBBBBBBBBBBGGGGNNNNNN
UUUFFQQQQQQQQQQDDDDNNNNNN
UUUFFQQQQQQQQQQDDDDNNNNNN
CCCFFQQQQQQQQQQDDDDNNNNNN
CCCFFRRRRRRRRRRDDDDNNNNNN
CCCFFRRRRRRRRRRDDDDNNNNNN
CCCFFRRRRRRRRRRDDDDNNNNNN
CCCFFRRRRRRRRRRDDDDNNNNNN
CCCIIITTLLLKKKKDDDDEEEEEE
CCCIIITTLLLKKKKSSAWEEEEEE
CCCIIITTLLLKKKKSSAWEEEEEE
CCCIIITTLLLKKKKSSAWEEEEEE
CCCIIITTLLLKKKKSSAWEEEEEE
CCCYYYTTLLLKKKKSSAWPPPOOO
CCCYYYVVLLLKKKKSSAWPPPOOO
Case #12:
WWWWWWWWWLLLYYYYYYYYYYYBB
WWWWWWWWWLLLYYYYYYYYYYYBB
WWWWWWWWWLLLYYYYYYYYYYYBB
OMMMMHICCLLLYYYYYYYYYYYBB
OMMMMHICCQQGYYYYYYYYYYYBB
OMMMMHICCQQGYYYYYYYYYYYBB
OMMMMHICCQQGVVVVVVVVTTTBB
OMMMMHICCQQGVVVVVVVVTTTBB
OMMMMHICCQQGVVVVVVVVTTTBB
OMMMMHICCQQGVVVVVVVVTTTBB
OMMMMHICCQQGVVVVVVVVTTTBB
OFFDDHICCQQGVVVVVVVVTTTBB
OFFDDHIXEQQGRRRRUUUUTTTBB
OFFDDHIXEQQGRRRRUUUUTTTBB
OFFDDHIXEQQGRRRRUUUUTTTNN
OFFDDHIXEQQGRRRRUUUUTTTNN
OFFDDHIXEQQGRRRRUUUUTTTNN
OFFDDHIXEQQGRRRRUUUUTTTNN
OFFDDHIXEQQGRRRRUUUUTTTNN
OFFDDHIXEQQJRRRRUUUUTTTNN
OFFPPHIXEQQJRRRRUUUUTTTNN
OFFPPHIXEQQJRRRRUUUUTTTNN
OFFPPHIXEQQJRRRRUUUUAAANN
OFFPPHZXEQQJRRRRUUUUAAANN
KFFSSHZXEQQJRRRRUUUUAAANN
Case #13:
ABCDEFGHIJKLMNOPQRSTUVWXY
ABCDEFGHIJKLMNOPQRSTUVWXY
ABCDEFGHIJKLMNOPQRSTUVWXY
ABCDEFGHIJKLMNOPQRSTUVWXY
ABCDEFGHIJKLMNOPQRSTUVWXY
ABCDEFGHIJKLMNOPQRSTUVWXY
ABCDEFGHIJKLMNOPQRSTUVWXY
ABCDEFGHIJKLMNOPQRSTUVWXY
ABCDEFGHIJKLMNOPQRSTUVWXY
ABCDEFGHIJKLMNOPQRSTUVWXY
ABCDEFGHIJKLMNOPQRSTUVWXY
ABCDEFGHIJKLMNOPQRSTUVWXY
ABCDEFGHIJKLMNOPQRSTUVWXY
ABCDEFGHIJKLMNOPQRSTUVWXY
ABCDEFGHIJKLMNOPQRSTUVWXY
ABCDEFGHIJKLMNOPQRSTUVWXY
ABCDEFGHIJKLMNOPQRSTUVWXY
ABCDEFGHIJKLMNOPQRSTUVWXY
ABCDEFGHIJKLMNOPQRSTUVWXY
ABCDEFGHIJKLMNOPQRSTUVWXY
ABCDEFGHIJKLMNOPQRSTUVWXY
ABCDEFGHIJKLMNOPQRSTUVWXY
ABCDEFGHIJKLMNOPQRSTUVWXY
ABCDEFGHIJKLMNOPQRSTUVWXY
ABCDEFGHIJKLMNOPQRSTUVWXY
Case #14:
BBBBBBBBBBBBBBBBPPPPNNNNR
BBBBBBBBBBBBBBBBPPPPNNNNR
BBBBBBBBBBBBBBBBPPPPNNNNR
BBBBBBBBBBBBBBBBPPPPNNNNR
BBBBBBBBBBBBBBBBLLLLNNNNR
XXXXXXXEEEEEEEESLLLLNNNNR
XXXXXXXEEEEEEEESLLLLNNNNR
XXXXXXXEEEEEEEESLLLLNNNNR
XXXXXXXGGGGGZADSLLLLNNNNR
XXXXXXXGGGGGZADSUUUUYYYYR
XXXXXXXGGGGGZADSUUUUYYYYR
XXXXXXXGGGGGZADSUUUUYYYYR
XXXXXXXIICCCZTDSUUUUYYYYR
XXXXXXXIICCCZTDSUUUUYYYYR
XXXXXXXIICCCZTDSUUUUYYYYR
XXXXXXXIICCCMTDSUUUUYYYYR
WWWWOOOIICCCMTDSUUUUYYYYR
WWWWOOOIICCCMQDSVVVVYYYYR
WWWWOOOIICCCMQDSKKKKYYYYR
WWWWOOOIICCCMQDSKKKKYYYYR
WWWWOOOIICCCMQDSKKKKYYYYR
WWWWOOOIICCCMQDSKKKKYYYYR
FFFFOOOJJCCCMQDSKKKKYYYYR
FFFFOOOJJHHHMQDSKKKKYYYYR
FFFFOOOJJHHHMQDSKKKKYYYYR
Case #15:
NNNNNNNNNNNNNNNNNNNNNNNNN
NNNNNNNNNNNNNNNNNNNNNNNNN
NNNNNNNNNNNNNNNNNNNNNNNNN
NNNNNNNNNNNNNNNNNNNNNNNNN
NNNNNNNNNNNNNNNNNNNNNNNNN
NNNNNNNNNNNNNNNNNNNNNNNNN
NNNNNNNNNNNNNNNNNNNNNNNNN
NNNNNNNNNNNNNNNNNNNNNNNNN
NNNNNNNNNNNNNNNNNNNNNNNNN
NNNNNNNNNNNNNNNNNNNNNNNNN
NNNNNNNNNNNNNNNNNNNNNNNNN
NNNNNNNNNNNNNNNNNNNNNNNNN
NNNNNNNNNNNNNNNNNNNNNNNNN
NNNNNNNNNNNNNNNNNNNNNNNNN
NNNNNNNNNNNNNNNNNNNNNNNNN
NNNNNNNNNNNNNNNNNNNNNNNNN
NNNNNNNNNNNNNNNNNNNNNNNNN
NNNNNNNNNNNNNNNNNNNNNNNNN
FFFFFFFFFFFFFFFJJJJJJJJJJ
FFFFFFFFFFFFFFFGGUUUDDDDD
FFFFFFFFFFFFFFFGGRRAYQQQQ
FFFFFFFFFFFFFFFGGRRBYKHHH
FFFFFFFFFFFFFFFOORRCSXHHH
FFFFFFFFFFFFFFFMPWWCZEHHH
FFFFFFFFFFFFFFFVIITLZEHHH
Case #16:
FFFFFFFFFFFFFFFFFFFFFFFFV
FFFFFFFFFFFFFFFFFFFFFFFFV
FFFFFFFFFFFFFFFFFFFFFFFFI
FFFFFFFFFFFFFFFFFFFFFFFFI
FFFFFFFFFFFFFFFFFFFFFFFFI
PPPPUUUUUUUUUURRRDDXXGGGI
PPPPUUUUUUUUUURRRDDXXGGGI
PPPPUUUUUUUUUURRRDDXXGGGI
PPPPUUUUUUUUUURRRDDXXGGGI
PPPPUUUUUUUUUURRRDDXXGGGI
PPPPCCCCCCCMMMRRRDDXXGGGI
PPPPCCCCCCCMMMRRRDDXXGGGI
PPPPCCCCCCCMMMRRRDDXXGGGI
PPPPCCCCCCCMMMRRRDDXXGGGI
PPPPSSSSSSSMMMRRRDDXXGGGI
PPPPSSSSSSSHHHRRRDDXXGGGI
PPPPKKKKOOOHHHRRRDDXXGGGI
PPPPKKKKOOOHHHRRRDDXXGGGI
PPPPKKKKOOOHHHRRRDDXXGGGI
PPPPKKKKYYTHHHRRRDDXXGGGI
PPPPLLLJYYTHHHRRRDDXXGGGI
PPPPLLLJYYTHHHRRRZZXXGGGI
EWWWLLLJYYTHHHQQQZZXXGGGI
EWWWLLLJYYTHHHQQQZZBBGGGI
EWWWLLLJYYTHHHQQQZZAAGGGN
Case #17:
MMMMMMMMMMMMMMMMMMMMMMMMM
MMMMMMMMMMMMMMMMMMMMMMMMM
MMMMMMMMMMMMMMMMMMMMMMMMM
MMMMMMMMMMMMMMMMMMMMMMMMM
MMMMMMMMMMMMMMMMMMMMMMMMM
MMMMMMMMMMMMMMMMMMMMMMMMM
MMMMMMMMMMMMMMMMMMMMMMMMM
MMMMMMMMMMMMMMMMMMMMMMMMM
MMMMMMMMMMMMMMMMMMMMMMMMM
MMMMMMMMMMMMMMMMMMMMMMMMM
MMMMMMMMMMMMMMMMMMMMMMMMM
MMMMMMMMMMMMMMMMMMMMMMMMM
MMMMMMMMMMMMMMMMMMMMMMMMM
MMMMMMMMMMMMMMMMMMMMMMMMM
LLLLLLLLLLLQQAAJJJJJJJJJJ
LLLLLLLLLLLQQXXDHFFFFFFFF
LLLLLLLLLLLQQXXDHSPPPPPPP
LLLLLLLLLLLUGRRDHSYVVVKKK
LLLLLLLLLLLUGRRDHSWVVVKKK
LLLLLLLLLLLUORRDHSWVVVKKK
LLLLLLLLLLLUBCCDHSNVVVKKK
LLLLLLLLLLLUBCCDHSEVVVKKK
LLLLLLLLLLLUBTTDHSEVVVKKK
LLLLLLLLLLLUBTTIHSEVVVKKK
LLLLLLLLLLLZBTTIHSEVVVKKK
Case #18:
AAAAAAAAACCCCCCCCCCCCCCCC
AAAAAAAAACCCCCCCCCCCCCCCC
AAAAAAAAACCCCCCCCCCCCCCCC
AAAAAAAAACCCCCCCCCCCCCCCC
AAAAAAAAACCCCCCCCCCCCCCCC
AAAAAAAAACCCCCCCCCCCCCCCC
AAAAAAAAAEEEEEEEEEEEEEEEE
AAAAAAAAAEEEEEEEEEEEEEEEE
AAAAAAAAAEEEEEEEEEEEEEEEE
AAAAAAAAAEEEEEEEEEEEEEEEE
BBBBBBBBBBDDDDDDDDDDDDDDD
BBBBBBBBBBDDDDDDDDDDDDDDD
BBBBBBBBBBDDDDDDDDDDDDDDD
BBBBBBBBBBDDDDDDDDDDDDDDD
BBBBBBBBBBDDDDDDDDDDDDDDD
BBBBBBBBBBDDDDDDDDDDDDDDD
BBBBBBBBBBDDDDDDDDDDDDDDD
BBBBBBBBBBDDDDDDDDDDDDDDD
BBBBBBBBBBDDDDDDDDDDDDDDD
BBBBBBBBBBDDDDDDDDDDDDDDD
BBBBBBBBBBFFFFFFFFFGGGGGG
BBBBBBBBBBHHHHHJJJJGGGGGG
BBBBBBBBBBHHHHHJJJJIIIIII
BBBBBBBBBBHHHHHJJJJIIIIII
BBBBBBBBBBHHHHHJJJJIIIIII
Case #19:
GGGGGGGGGGGGGGGGGGGGGGGGG
GGGGGGGGGGGGGGGGGGGGGGGGG
GGGGGGGGGGGGGGGGGGGGGGGGG
GGGGGGGGGGGGGGGGGGGGGGGGG
GGGGGGGGGGGGGGGGGGGGGGGGG
GGGGGGGGGGGGGGGGGGGGGGGGG
GGGGGGGGGGGGGGGGGGGGGGGGG
GGGGGGGGGGGGGGGGGGGGGGGGG
GGGGGGGGGGGGGGGGGGGGGGGGG
GGGGGGGGGGGGGGGGGGGGGGGGG
GGGGGGGGGGGGGGGGGGGGGGGGG
GGGGGGGGGGGGGGGGGGGGGGGGG
GGGGGGGGGGGGGGGGGGGGGGGGG
GGGGGGGGGGGGGGGGGGGGGGGGG
GGGGGGGGGGGGGGGGGGGGGGGGG
GGGGGGGGGGGGGGGGGGGGGGGGG
ZZZZZZZZZZQQQQQQQVVVVVVVV
ZZZZZZZZZZQQQQQQQVVVVVVVV
ZZZZZZZZZZQQQQQQQKKKKKKFY
ZZZZZZZZZZQQQQQQQSCCCCCFY
ZZZZZZZZZZQQQQQQQUAOOOEFY
ZZZZZZZZZZWWWDDMMUAOOOEFY
ZZZZZZZZZZLLXDDMMUABBHIFY
ZZZZZZZZZZLLRDDTTUABBNIPY
ZZZZZZZZZZJJRDDTTUABBNIPY
Case #20:
AB
AB
Case #21:
IIIIIINNSSSSSSSSSSSSSSSSS
IIIIIINNSSSSSSSSSSSSSSSSS
IIIIIINNSSSSSSSSSSSSSSSSS
IIIIIINNSSSSSSSSSSSSSSSSS
IIIIIINNSSSSSSSSSSSSSSSSS
IIIIIINNSSSSSSSSSSSSSSSSS
IIIIIIDDWEEEEEEEEEEEEEEEE
IIIIIIDDWAZZZZZZZZZZZZZZZ
IIIIIIDDWAPBBHKKKKKKKKKKK
XXFFFYDDWAPBBHKKKKKKKKKKK
XXFFFYDDWAPBBHKKKKKKKKKKK
XXFFFYDDWAPBBHKKKKKKKKKKK
XXFFFYRTOGPBBHKKKKKKKKKKK
XXFFFCRTOJPVLHKKKKKKKKKKK
XXFFFCRTMJPVLHKKKKKKKKKKK
XXFFFCRQMJPULHKKKKKKKKKKK
XXFFFCRQMJPULHKKKKKKKKKKK
XXFFFCRQMJPULHKKKKKKKKKKK
XXFFFCRQMJPULHKKKKKKKKKKK
XXFFFCRQMJPULHKKKKKKKKKKK
XXFFFCRQMJPULHKKKKKKKKKKK
XXFFFCRQMJPULHKKKKKKKKKKK
XXFFFCRQMJPULHKKKKKKKKKKK
XXFFFCRQMJPULHKKKKKKKKKKK
XXFFFCRQMJPULHKKKKKKKKKKK
Case #22:
ABCDEFGHIJKLMNOPQRSTUVWXY
ABCDEFGHIJKLMNOPQRSTUVWXY
ABCDEFGHIJKLMNOPQRSTUVWXY
ABCDEFGHIJKLMNOPQRSTUVWXY
ABCDEFGHIJKLMNOPQRSTUVWXY
ABCDEFGHIJKLMNOPQRSTUVWXY
ABCDEFGHIJKLMNOPQRSTUVWXY
ABCDEFGHIJKLMNOPQRSTUVWXY
ABCDEFGHIJKLMNOPQRSTUVWXY
ABCDEFGHIJKLMNOPQRSTUVWXY
ABCDEFGHIJKLMNOPQRSTUVWXY
ABCDEFGHIJKLMNOPQRSTUVWXY
ABCDEFGHIJKLMNOPQRSTUVWXY
ABCDEFGHIJKLMNOPQRSTUVWXY
ABCDEFGHIJKLMNOPQRSTUVWXY
ABCDEFGHIJKLMNOPQRSTUVWXY
ABCDEFGHIJKLMNOPQRSTUVWXY
ABCDEFGHIJKLMNOPQRSTUVWXY
ABCDEFGHIJKLMNOPQRSTUVWXY
ABCDEFGHIJKLMNOPQRSTUVWXY
ABCDEFGHIJKLMNOPQRSTUVWXY
ABCDEFGHIJKLMNOPQRSTUVWXY
ABCDEFGHIJKLMNOPQRSTUVWXY
ABCDEFGHIJKLMNOPQRSTUVWXY
ABCDEFGHIJKLMNOPQRSTUVWXY
Case #23:
AAAAAAAAAAAAAAAAAABBBBBBB
AAAAAAAAAAAAAAAAAABBBBBBB
AAAAAAAAAAAAAAAAAABBBBBBB
AAAAAAAAAAAAAAAAAABBBBBBB
AAAAAAAAAAAAAAAAAABBBBBBB
AAAAAAAAAAAAAAAAAABBBBBBB
AAAAAAAAAAAAAAAAAABBBBBBB
AAAAAAAAAAAAAAAAAABBBBBBB
AAAAAAAAAAAAAAAAAABBBBBBB
AAAAAAAAAAAAAAAAAABBBBBBB
AAAAAAAAAAAAAAAAAABBBBBBB
AAAAAAAAAAAAAAAAAABBBBBBB
AAAAAAAAAAAAAAAAAABBBBBBB
AAAAAAAAAAAAAAAAAABBBBBBB
AAAAAAAAAAAAAAAAAABBBBBBB
AAAAAAAAAAAAAAAAAABBBBBBB
AAAAAAAAAAAAAAAAAABBBBBBB
AAAAAAAAAAAAAAAAAABBBBBBB
AAAAAAAAAAAAAAAAAABBBBBBB
AAAAAAAAAAAAAAAAAABBBBBBB
AAAAAAAAAAAAAAAAAABBBBBBB
AAAAAAAAAAAAAAAAAABBBBBBB
CCCCCCCCCCCCCCEEEEBBBBBBB
CCCCCCCCCCCCCCEEEEDDDDDDD
CCCCCCCCCCCCCCEEEEDDDDDDD
Case #24:
SSSSSSSSSSSDDDDDDDDDDDDDD
SSSSSSSSSSSDDDDDDDDDDDDDD
SSSSSSSSSSSDDDDDDDDDDDDDD
SSSSSSSSSSSDDDDDDDDDDDDDD
SSSSSSSSSSSDDDDDDDDDDDDDD
SSSSSSSSSSSMMMMMMMMMMMMMF
SSSSSSSSSSSMMMMMMMMMMMMMF
SSSSSSSSSSSMMMMMMMMMMMMMF
SSSSSSSSSSSILEEEEEEWWPPPF
SSSSSSSSSSSILEEEEEEWWPPPF
SSSSSSSSSSSILEEEEEEWWPPPF
HHHCCCCOOOOILTTTTTTWWPPPF
HHHCCCCOOOOILTTTTTTWWPPPF
HHHCCCCOOOOILJJJNNNWWPPPF
HHHCCCCGYYBILJJJNNNWWAAAF
HHHCCCCGYYBILJJJNNNWWAAAF
HHHCCCCGYYBILJJJNNNWWAAAF
HHHCCCCGYYBILJJJNNNWWAAAF
HHHCCCCGYYBILJJJNNNWWAAAF
HHHCCCCGYYBILJJJNNNWWAAAF
UUUCCCCGYYBILJJJNNNWWAAAF
UUURRRRGYYBILQQQNNNWWAAAF
UUURRRRGYYBILQQQNNNWWXXXF
UUURRRRGYYBILQQQNNNWWXXXF
VVVRRRRGYYBILZZZNNNWWKKKF
Case #25:
NNNNNNNNNNNNNNCHQQEEEEEEE
NNNNNNNNNNNNNNCHQQIIIIIII
NNNNNNNNNNNNNNCHQQRRRRRRR
NNNNNNNNNNNNNNCHQQUUUUUUU
NNNNNNNNNNNNNNCHQQJAPPPPP
NNNNNNNNNNNNNNCHQQJAPPPPP
NNNNNNNNNNNNNNCHQQJASXXXX
NNNNNNNNNNNNNNCHQQJASZZYB
NNNNNNNNNNNNNNCHQQJVSGGYB
NNNNNNNNNNNNNNCHDDJVSGGYB
NNNNNNNNNNNNNNCHFFJTSLKYW
NNNNNNNNNNNNNNCHFFJTSLKYW
NNNNNNNNNNNNNNCHFFJTSOKYW
NNNNNNNNNNNNNNCHFFJTSOKYW
NNNNNNNNNNNNNNCHFFJTSOKYW
NNNNNNNNNNNNNNCHFFMTSOKYW
NNNNNNNNNNNNNNCHFFMTSOKYW
NNNNNNNNNNNNNNCHFFMTSOKYW
NNNNNNNNNNNNNNCHFFMTSOKYW
NNNNNNNNNNNNNNCHFFMTSOKYW
NNNNNNNNNNNNNNCHFFMTSOKYW
NNNNNNNNNNNNNNCHFFMTSOKYW
NNNNNNNNNNNNNNCHFFMTSOKYW
NNNNNNNNNNNNNNCHFFMTSOKYW
NNNNNNNNNNNNNNCHFFMTSOKYW
Case #26:
AAAAAAAAAAAAAAAAAAAAAAAAA
BBBBBBBBBBBBBBBBBBBBBBBBB
CCCCCCCCCCCCCCCCCCCCCCCCC
DDDDDDDDDDDDDDDDDDDDDDDDD
EEEEEEEEEEEEEEEEEEEEEEEEE
FFFFFFFFFFFFFFFFFFFFFFFFF
GGGGGGGGGGGGGGGGGGGGGGGGG
HHHHHHHHHHHHHHHHHHHHHHHHH
IIIIIIIIIIIIIIIIIIIIIIIII
JJJJJJJJJJJJJJJJJJJJJJJJJ
KKKKKKKKKKKKKKKKKKKKKKKKK
LLLLLLLLLLLLLLLLLLLLLLLLL
MMMMMMMMMMMMMMMMMMMMMMMMM
NNNNNNNNNNNNNNNNNNNNNNNNN
OOOOOOOOOOOOOOOOOOOOOOOOO
PPPPPPPPPPPPPPPPPPPPPPPPP
QQQQQQQQQQQQQQQQQQQQQQQQQ
RRRRRRRRRRRRRRRRRRRRRRRRR
SSSSSSSSSSSSSSSSSSSSSSSSS
TTTTTTTTTTTTTTTTTTTTTTTTT
UUUUUUUUUUUUUUUUUUUUUUUUU
VVVVVVVVVVVVVVVVVVVVVVVVV
WWWWWWWWWWWWWWWWWWWWWWWWW
XXXXXXXXXXXXXXXXXXXXXXXXX
YYYYYYYYYYYYYYYYYYYYYYYYY
Case #27:
VVVVVVVVJJJJJJJCCCCOOOXXN
VVVVVVVVJJJJJJJCCCCOOOXXN
VVVVVVVVBBBBBBBCCCCOOOXXN
VVVVVVVVBBBBBBBCCCCOOOXXN
VVVVVVVVBBBBBBBCCCCOOOXXN
VVVVVVVVBBBBBBBCCCCOOOXXN
VVVVVVVVBBBBBBBCCCCOOOXXN
VVVVVVVVBBBBBBBCCCCOOOXXN
VVVVVVVVBBBBBBBCCCCOOOXXR
IIZZZZZZBBBBBBBCCCCOOOXXR
IIZZZZZZFFFFFFFCCCCOOOXXR
IIZZZZZZFFFFFFFYYYYOOOXXR
IIUUUUUWFFFFFFFYYYYOOOXXR
IIUUUUUWFFFFFFFYYYYOOOXXR
IIUUUUUWGGGEEEEYYYYOOOXXR
IIUUUUUWGGGSSSDYYYYOOOXXR
IIUUUUUWGGGSSSDYYYYOOOXXR
IIAAAAAWGGGSSSDYYYYOOOXXR
IIAAAAAWGGGSSSDYYYYOOOXXR
IIAAAAAWGGGSSSDYYYYOOOXXR
IIAAAAAWGGGSSSDYYYYOOOXXR
IIAAAAAKGGGPPPDYYYYOOOXXR
IIAAAAAKGGGTTLDYYYYOOOXXR
IIAAAAAKGGGHHLDYYYYMMMXXR
IIAAAAAKGGGHHLDYYYYMMMXXQ
Case #28:
AAAAAAAAAAAAAAAAAAAAAAAAA
BBCCCCCCCCCCCCCCCCCCCCCCC
BBCCCCCCCCCCCCCCCCCCCCCCC
BBDDEEEEEEEEEEEEEEEEEEEEE
BBDDEEEEEEEEEEEEEEEEEEEEE
BBDDFFGGGGGGGGGGGGGGGGGGG
BBDDFFGGGGGGGGGGGGGGGGGGG
BBDDFFHHIIIIIIIIIIIIIIIII
BBDDFFHHIIIIIIIIIIIIIIIII
BBDDFFHHJJKKKKKKKKKKKKKKK
BBDDFFHHJJKKKKKKKKKKKKKKK
BBDDFFHHJJLLMMMMMMMMMMMMM
BBDDFFHHJJLLMMMMMMMMMMMMM
BBDDFFHHJJLLNNOOOOOOOOOOO
BBDDFFHHJJLLNNOOOOOOOOOOO
BBDDFFHHJJLLNNPPQQQQQQQQQ
BBDDFFHHJJLLNNPPQQQQQQQQQ
BBDDFFHHJJLLNNPPRRSSSSSSS
BBDDFFHHJJLLNNPPRRSSSSSSS
BBDDFFHHJJLLNNPPRRTTUUUUU
BBDDFFHHJJLLNNPPRRTTUUUUU
BBDDFFHHJJLLNNPPRRTTVVWWW
BBDDFFHHJJLLNNPPRRTTVVWWW
BBDDFFHHJJLLNNPPRRTTVVXXY
BBDDFFHHJJLLNNPPRRTTVVXXY
Case #29:
AA
AA
Case #30:
AAAAAAAAAAABBBBBBBBBBBBBB
AAAAAAAAAAABBBBBBBBBBBBBB
AAAAAAAAAAABBBBBBBBBBBBBB
AAAAAAAAAAABBBBBBBBBBBBBB
AAAAAAAAAAABBBBBBBBBBBBBB
AAAAAAAAAAABBBBBBBBBBBBBB
AAAAAAAAAAABBBBBBBBBBBBBB
AAAAAAAAAAABBBBBBBBBBBBBB
AAAAAAAAAAABBBBBBBBBBBBBB
AAAAAAAAAAABBBBBBBBBBBBBB
AAAAAAAAAAABBBBBBBBBBBBBB
AAAAAAAAAAABBBBBBBBBBBBBB
AAAAAAAAAAABBBBBBBBBBBBBB
AAAAAAAAAAABBBBBBBBBBBBBB
AAAAAAAAAAABBBBBBBBBBBBBB
AAAAAAAAAAABBBBBBBBBBBBBB
AAAAAAAAAAABBBBBBBBBBBBBB
AAAAAAAAAAABBBBBBBBBBBBBB
AAAAAAAAAAABBBBBBBBBBBBBB
AAAAAAAAAAABBBBBBBBBBBBBB
AAAAAAAAAAABBBBBBBBBBBBBB
AAAAAAAAAAABBBBBBBBBBBBBB
CCCCCCCCCCCBBBBBBBBBBBBBB
CCCCCCCCCCCDDDDDDDDDDDDDD
EEEEEEEEEEEDDDDDDDDDDDDDD
Case #31:
CCCCCWHHHHHHHHHHHHHHHHHHH
CCCCCWHHHHHHHHHHHHHHHHHHH
CCCCCWHHHHHHHHHHHHHHHHHHH
CCCCCWFFFFFFFFFFFFFFFFFFF
CCCCCWRRSSSSSSSSSSSSSSSSS
CCCCCWRRIEEVJJJJJJJJJJJJJ
CCCCCWRRIEEVJJJJJJJJJJJJJ
UULYYWRRIEEVJJJJJJJJJJJJJ
UULYYMRRIZZVJJJJJJJJJJJJJ
UULTTMQQIZZVKKKKKKKKKKKKK
UULTTMAAIZZVKKKKKKKKKKKKK
UULBBXAAIZZVKKKKKKKKKKKKK
UULBBXDDIOOVKKKKKKKKKKKKK
UULBBXPNIOOVKKKKKKKKKKKKK
UULBBXGNIOOVKKKKKKKKKKKKK
UULBBXGNIOOVKKKKKKKKKKKKK
UULBBXGNIOOVKKKKKKKKKKKKK
UULBBXGNIOOVKKKKKKKKKKKKK
UULBBXGNIOOVKKKKKKKKKKKKK
UULBBXGNIOOVKKKKKKKKKKKKK
UULBBXGNIOOVKKKKKKKKKKKKK
UULBBXGNIOOVKKKKKKKKKKKKK
UULBBXGNIOOVKKKKKKKKKKKKK
UULBBXGNIOOVKKKKKKKKKKKKK
UULBBXGNIOOVKKKKKKKKKKKKK
Case #32:
AAAAAAAAAAAAAAAAAAAAAAAAA
AAAAAAAAAAAAAAAAAAAAAAAAA
AAAAAAAAAAAAAAAAAAAAAAAAA
AAAAAAAAAAAAAAAAAAAAAAAAA
AAAAAAAAAAAAAAAAAAAAAAAAA
AAAAAAAAAAAAAAAAAAAAAAAAA
AAAAAAAAAAAAAAAAAAAAAAAAA
AAAAAAAAAAAAAAAAAAAAAAAAA
AAAAAAAAAAAAAAAAAAAAAAAAA
AAAAAAAAAAAAAAAAAAAAAAAAA
AAAAAAAAAAAAAAAAAAAAAAAAA
AAAAAAAAAAAAAAAAAAAAAAAAA
AAAAAAAAAAAAAAAAAAAAAAAAA
AAAAAAAAAAAAAAAAAAAAAAAAA
AAAAAAAAAAAAAAAAAAAAAAAAA
AAAAAAAAAAAAAAAAAAAAAAAAA
AAAAAAAAAAAAAAAAAAAAAAAAA
AAAAAAAAAAAAAAAAAAAAAAAAA
AAAAAAAAAAAAAAAAAAAAAAAAA
AAAAAAAAAAAAAAAAAAAAAAAAA
AAAAAAAAAAAAAAAAAAAAAAAAA
AAAAAAAAAAAAAAAAAAAAAAAAA
AAAAAAAAAAAAAAAAAAAAAAAAA
AAAAAAAAAAAAAAAAAAAAAAAAA
AAAAAAAAAAAAAAAAAAAAAAAAA
Case #33:
DCA
DCA
EFB
Case #34:
EEEAA
EEEAA
CCDDB
Case #35:
ABCDEFGHIJKLMNOPQRSTUVWXY
ABCDEFGHIJKLMNOPQRSTUVWXY
ABCDEFGHIJKLMNOPQRSTUVWXY
ABCDEFGHIJKLMNOPQRSTUVWXY
ABCDEFGHIJKLMNOPQRSTUVWXY
ABCDEFGHIJKLMNOPQRSTUVWXY
ABCDEFGHIJKLMNOPQRSTUVWXY
ABCDEFGHIJKLMNOPQRSTUVWXY
ABCDEFGHIJKLMNOPQRSTUVWXY
ABCDEFGHIJKLMNOPQRSTUVWXY
ABCDEFGHIJKLMNOPQRSTUVWXY
ABCDEFGHIJKLMNOPQRSTUVWXY
ABCDEFGHIJKLMNOPQRSTUVWXY
ABCDEFGHIJKLMNOPQRSTUVWXY
ABCDEFGHIJKLMNOPQRSTUVWXY
ABCDEFGHIJKLMNOPQRSTUVWXY
ABCDEFGHIJKLMNOPQRSTUVWXY
ABCDEFGHIJKLMNOPQRSTUVWXY
ABCDEFGHIJKLMNOPQRSTUVWXY
ABCDEFGHIJKLMNOPQRSTUVWXY
ABCDEFGHIJKLMNOPQRSTUVWXY
ABCDEFGHIJKLMNOPQRSTUVWXY
ABCDEFGHIJKLMNOPQRSTUVWXY
ABCDEFGHIJKLMNOPQRSTUVWXY
ABCDEFGHIJKLMNOPQRSTUVWXY
Case #36:
XXXXXXXXXXXXXZZDCEEEEEEEE
XXXXXXXXXXXXXZZHCKKKKKKKK
XXXXXXXXXXXXXLNTCWSBUUUUU
XXXXXXXXXXXXXYITCWSFUUUUU
XXXXXXXXXXXXXAITCWSFQQQQQ
XXXXXXXXXXXXXAIJCWSPQQQQQ
XXXXXXXXXXXXXAVMOWGPQQQQQ
XXXXXXXXXXXXXAVMRWGPQQQQQ
XXXXXXXXXXXXXAVMRWGPQQQQQ
XXXXXXXXXXXXXAVMRWGPQQQQQ
XXXXXXXXXXXXXAVMRWGPQQQQQ
XXXXXXXXXXXXXAVMRWGPQQQQQ
XXXXXXXXXXXXXAVMRWGPQQQQQ
XXXXXXXXXXXXXAVMRWGPQQQQQ
XXXXXXXXXXXXXAVMRWGPQQQQQ
XXXXXXXXXXXXXAVMRWGPQQQQQ
XXXXXXXXXXXXXAVMRWGPQQQQQ
XXXXXXXXXXXXXAVMRWGPQQQQQ
XXXXXXXXXXXXXAVMRWGPQQQQQ
XXXXXXXXXXXXXAVMRWGPQQQQQ
XXXXXXXXXXXXXAVMRWGPQQQQQ
XXXXXXXXXXXXXAVMRWGPQQQQQ
XXXXXXXXXXXXXAVMRWGPQQQQQ
XXXXXXXXXXXXXAVMRWGPQQQQQ
XXXXXXXXXXXXXAVMRWGPQQQQQ
Case #37:
AACCCCCCCCCCCCCCCCCCCCCCC
AACCCCCCCCCCCCCCCCCCCCCCC
AACCCCCCCCCCCCCCCCCCCCCCC
AAEEEEEEEEEEEEEEEEEEEEEEE
AAEEEEEEEEEEEEEEEEEEEEEEE
AAEEEEEEEEEEEEEEEEEEEEEEE
AAEEEEEEEEEEEEEEEEEEEEEEE
BBBDDDDDDDDDDDDDDDDFFFFFG
BBBDDDDDDDDDDDDDDDDFFFFFG
BBBDDDDDDDDDDDDDDDDFFFFFG
BBBDDDDDDDDDDDDDDDDFFFFFG
BBBDDDDDDDDDDDDDDDDFFFFFG
BBBDDDDDDDDDDDDDDDDFFFFFG
BBBDDDDDDDDDDDDDDDDFFFFFG
BBBDDDDDDDDDDDDDDDDFFFFFG
BBBDDDDDDDDDDDDDDDDFFFFFG
BBBDDDDDDDDDDDDDDDDFFFFFG
BBBDDDDDDDDDDDDDDDDFFFFFG
BBBDDDDDDDDDDDDDDDDFFFFFG
BBBDDDDDDDDDDDDDDDDFFFFFG
BBBDDDDDDDDDDDDDDDDHHHHHG
BBBDDDDDDDDDDDDDDDDHHHHHI
BBBDDDDDDDDDDDDDDDDJJJJJI
BBBDDDDDDDDDDDDDDDDJJJJJI
BBBDDDDDDDDDDDDDDDDJJJJJI
Case #38:
AAAAAAAAAAAAACCCCCCCCCCCC
AAAAAAAAAAAAACCCCCCCCCCCC
AAAAAAAAAAAAACCCCCCCCCCCC
AAAAAAAAAAAAACCCCCCCCCCCC
AAAAAAAAAAAAACCCCCCCCCCCC
AAAAAAAAAAAAACCCCCCCCCCCC
AAAAAAAAAAAAACCCCCCCCCCCC
AAAAAAAAAAAAACCCCCCCCCCCC
AAAAAAAAAAAAACCCCCCCCCCCC
AAAAAAAAAAAAACCCCCCCCCCCC
AAAAAAAAAAAAACCCCCCCCCCCC
AAAAAAAAAAAAACCCCCCCCCCCC
AAAAAAAAAAAAAEEEEEEEEEEEE
AAAAAAAAAAAAAEEEEEEEEEEEE
AAAAAAAAAAAAAEEEEEEEEEEEE
AAAAAAAAAAAAAEEEEEEEEEEEE
BBBBBBBBBBBBBBDDDDDDDDDDD
BBBBBBBBBBBBBBDDDDDDDDDDD
BBBBBBBBBBBBBBDDDDDDDDDDD
BBBBBBBBBBBBBBDDDDDDDDDDD
BBBBBBBBBBBBBBDDDDDDDDDDD
BBBBBBBBBBBBBBDDDDDDDDDDD
BBBBBBBBBBBBBBDDDDDDDDDDD
BBBBBBBBBBBBBBDDDDDDDDDDD
BBBBBBBBBBBBBBDDDDDDDDDDD
Case #39:
QQQQBBBBBBBBBBBBBBBBBBBBB
QQQQBBBBBBBBBBBBBBBBBBBBB
QQQQBBBBBBBBBBBBBBBBBBBBB
QQQQBBBBBBBBBBBBBBBBBBBBB
QQQQBBBBBBBBBBBBBBBBBBBBB
QQQQBBBBBBBBBBBBBBBBBBBBB
QQQQBBBBBBBBBBBBBBBBBBBBB
QQQQBBBBBBBBBBBBBBBBBBBBB
QQQQBBBBBBBBBBBBBBBBBBBBB
QQQQBBBBBBBBBBBBBBBBBBBBB
CKKKAVUUUUUUUUUUUUUUUUUUU
CSSJAVRRRRRRRRRRRRRRRRRRR
HSSZGMFWWWWWWWWWWWWWWWWWW
XOLDEMIWWWWWWWWWWWWWWWWWW
XOLDEPIWWWWWWWWWWWWWWWWWW
XOLDNTIWWWWWWWWWWWWWWWWWW
XOLYNTIWWWWWWWWWWWWWWWWWW
XOLYNTIWWWWWWWWWWWWWWWWWW
XOLYNTIWWWWWWWWWWWWWWWWWW
XOLYNTIWWWWWWWWWWWWWWWWWW
XOLYNTIWWWWWWWWWWWWWWWWWW
XOLYNTIWWWWWWWWWWWWWWWWWW
XOLYNTIWWWWWWWWWWWWWWWWWW
XOLYNTIWWWWWWWWWWWWWWWWWW
XOLYNTIWWWWWWWWWWWWWWWWWW
Case #40:
AAAAAAAAAAAAAAAABBBBBBBBB
AAAAAAAAAAAAAAAABBBBBBBBB
AAAAAAAAAAAAAAAABBBBBBBBB
AAAAAAAAAAAAAAAABBBBBBBBB
AAAAAAAAAAAAAAAABBBBBBBBB
CCCCCCCCCCCCEEEEBBBBBBBBB
CCCCCCCCCCCCEEEEDDDDDDDDD
CCCCCCCCCCCCEEEEDDDDDDDDD
CCCCCCCCCCCCEEEEDDDDDDDDD
CCCCCCCCCCCCEEEEDDDDDDDDD
CCCCCCCCCCCCEEEEDDDDDDDDD
CCCCCCCCCCCCEEEEDDDDDDDDD
CCCCCCCCCCCCEEEEDDDDDDDDD
CCCCCCCCCCCCEEEEDDDDDDDDD
CCCCCCCCCCCCEEEEDDDDDDDDD
CCCCCCCCCCCCEEEEDDDDDDDDD
CCCCCCCCCCCCEEEEDDDDDDDDD
CCCCCCCCCCCCEEEEDDDDDDDDD
CCCCCCCCCCCCEEEEDDDDDDDDD
CCCCCCCCCCCCEEEEDDDDDDDDD
CCCCCCCCCCCCEEEEDDDDDDDDD
CCCCCCCCCCCCEEEEDDDDDDDDD
CCCCCCCCCCCCEEEEDDDDDDDDD
CCCCCCCCCCCCEEEEDDDDDDDDD
CCCCCCCCCCCCEEEEDDDDDDDDD
Case #41:
TTTTTTCCCCPPPPPPPPPPPPMM
TTTTTTCCCCPPPPPPPPPPPPMM
TTTTTTCCCCPPPPPPPPPPPPMM
TTTTTTCCCCVVVVVHHHHLBBMM
TTTTTTCCCCVVVVVHHHHLBBMM
TTTTTTCCCCVVVVVHHHHLBBMM
TTTTTTCCCCVVVVVHHHHLXGMM
TTTTTTCCCCVVVVVHHHHLXEMM
TTTTTTCCCCVVVVVHHHHLXEMM
TTTTTTCCCCVVVVVHHHHLXEMM
AAAAAUCCCCVVVVVHHHHLXEMM
AAAAAUCCCCVVVVVHHHHLXEMM
AAAAAUCCCCVVVVVHHHHLXEMM
AAAAAUCCCCVVVVVHHHHLXEMM
AAAAAUCCCCVVVVVHHHHLXEMM
AAAAAUCCCCNNNOIHHHHLXEMM
AAAAAUCCCCNNNOIQQQRLXEMM
AAAAAYCCCCNNNOIQQQRLXWMM
AAAAAYCCCCNNNOIQQQRLXWMM
AAAAAYCCCCNNNOIQQQRLXWKK
AAAAAYCCCCNNNOIQQQRLXWKK
AAAAAYSSSSNNNOIQQQRLXWKK
AAAAAYSSSSNNNOIQQQRLXWFF
AAAAAYSSSSJJJOIQQQDLXWFF
AAAAAYSSSSJJJOIQQQDLXWFF
Case #42:
CA
CB
Case #43:
A
Case #44:
HHHHHHHHHHHHHHHHGGGGGGGGG
HHHHHHHHHHHHHHHHGGGGGGGGG
HHHHHHHHHHHHHHHHGGGGGGGGG
HHHHHHHHHHHHHHHHGGGGGGGGG
HHHHHHHHHHHHHHHHGGGGGGGGG
HHHHHHHHHHHHHHHHGGGGGGGGG
HHHHHHHHHHHHHHHHDCOOZRRRR
HHHHHHHHHHHHHHHHDCOOAIIEE
HHHHHHHHHHHHHHHHDCOOBVJEE
HHHHHHHHHHHHHHHHDCYYFVLPP
HHHHHHHHHHHHHHHHDCYYFXSKK
HHHHHHHHHHHHHHHHDCYYUWTKK
HHHHHHHHHHHHHHHHDCQMNWTKK
HHHHHHHHHHHHHHHHDCQMNWTKK
HHHHHHHHHHHHHHHHDCQMNWTKK
HHHHHHHHHHHHHHHHDCQMNWTKK
HHHHHHHHHHHHHHHHDCQMNWTKK
HHHHHHHHHHHHHHHHDCQMNWTKK
HHHHHHHHHHHHHHHHDCQMNWTKK
HHHHHHHHHHHHHHHHDCQMNWTKK
HHHHHHHHHHHHHHHHDCQMNWTKK
HHHHHHHHHHHHHHHHDCQMNWTKK
HHHHHHHHHHHHHHHHDCQMNWTKK
HHHHHHHHHHHHHHHHDCQMNWTKK
HHHHHHHHHHHHHHHHDCQMNWTKK
Case #45:
AAAAAAAAAAAAAAAAAAAAAAAAA
BBBBBBBBBBBBBBBBBBBBBBBBB
CCCCCCCCCCCCCCCCCCCCCCCCC
DDDDDDDDDDDDDDDDDDDDDDDDD
EEEEEEEEEEEEEEEEEEEEEEEEE
FFFFFFFFFFFFFFFFFFFFFFFFF
GGGGGGGGGGGGGGGGGGGGGGGGG
HHHHHHHHHHHHHHHHHHHHHHHHH
IIIIIIIIIIIIIIIIIIIIIIIII
JJJJJJJJJJJJJJJJJJJJJJJJJ
KKKKKKKKKKKKKKKKKKKKKKKKK
LLLLLLLLLLLLLLLLLLLLLLLLL
MMMMMMMMMMMMMMMMMMMMMMMMM
NNNNNNNNNNNNNNNNNNNNNNNNN
OOOOOOOOOOOOOOOOOOOOOOOOO
PPPPPPPPPPPPPPPPPPPPPPPPP
QQQQQQQQQQQQQQQQQQQQQQQQQ
RRRRRRRRRRRRRRRRRRRRRRRRR
SSSSSSSSSSSSSSSSSSSSSSSSS
TTTTTTTTTTTTTTTTTTTTTTTTT
UUUUUUUUUUUUUUUUUUUUUUUUU
VVVVVVVVVVVVVVVVVVVVVVVVV
WWWWWWWWWWWWWWWWWWWWWWWWW
XXXXXXXXXXXXXXXXXXXXXXXXX
YYYYYYYYYYYYYYYYYYYYYYYYY
Case #46:
ABCDEFGHIJKLMNOPQRSTUVWXY
ABCDEFGHIJKLMNOPQRSTUVWXY
ABCDEFGHIJKLMNOPQRSTUVWXY
ABCDEFGHIJKLMNOPQRSTUVWXY
ABCDEFGHIJKLMNOPQRSTUVWXY
ABCDEFGHIJKLMNOPQRSTUVWXY
ABCDEFGHIJKLMNOPQRSTUVWXY
ABCDEFGHIJKLMNOPQRSTUVWXY
ABCDEFGHIJKLMNOPQRSTUVWXY
ABCDEFGHIJKLMNOPQRSTUVWXY
ABCDEFGHIJKLMNOPQRSTUVWXY
ABCDEFGHIJKLMNOPQRSTUVWXY
ABCDEFGHIJKLMNOPQRSTUVWXY
ABCDEFGHIJKLMNOPQRSTUVWXY
ABCDEFGHIJKLMNOPQRSTUVWXY
ABCDEFGHIJKLMNOPQRSTUVWXY
ABCDEFGHIJKLMNOPQRSTUVWXY
ABCDEFGHIJKLMNOPQRSTUVWXY
ABCDEFGHIJKLMNOPQRSTUVWXY
ABCDEFGHIJKLMNOPQRSTUVWXY
ABCDEFGHIJKLMNOPQRSTUVWXY
ABCDEFGHIJKLMNOPQRSTUVWXY
ABCDEFGHIJKLMNOPQRSTUVWXY
ABCDEFGHIJKLMNOPQRSTUVWXY
ABCDEFGHIJKLMNOPQRSTUVWXY
Case #47:
A
B
Case #48:
UUUUUUUUUUUUUUUUUUUUUUUUU
UUUUUUUUUUUUUUUUUUUUUUUUU
UUUUUUUUUUUUUUUUUUUUUUUUU
UUUUUUUUUUUUUUUUUUUUUUUUU
UUUUUUUUUUUUUUUUUUUUUUUUU
UUUUUUUUUUUUUUUUUUUUUUUUU
UUUUUUUUUUUUUUUUUUUUUUUUU
UUUUUUUUUUUUUUUUUUUUUUUUU
UUUUUUUUUUUUUUUUUUUUUUUUU
UUUUUUUUUUUUUUUUUUUUUUUUU
UUUUUUUUUUUUUUUUUUUUUUUUU
UUUUUUUUUUUUUUUUUUUUUUUUU
UUUUUUUUUUUUUUUUUUUUUUUUU
UUUUUUUUUUUUUUUUUUUUUUUUU
UUUUUUUUUUUUUUUUUUUUUUUUU
UUUUUUUUUUUUUUUUUUUUUUUUU
LLLFFFNSSSDDDDDDDDDDDDDDD
LLLFFFNVVVGGGGGGGGGGGGGGG
LLLABHNEYWGGGGGGGGGGGGGGG
LLLAQPNEICTOOOOOOOOOOOOOO
LLLAQKNMRJTOOOOOOOOOOOOOO
LLLAQKNMRJTOOOOOOOOOOOOOO
LLLAQKXZRJTOOOOOOOOOOOOOO
LLLAQKXZRJTOOOOOOOOOOOOOO
LLLAQKXZRJTOOOOOOOOOOOOOO
Case #49:
ECCC
ACCC
ADDB
Case #50:
AAAAAAAAAAAAAAAAAAAACDEEE
AAAAAAAAAAAAAAAAAAAACDEEE
AAAAAAAAAAAAAAAAAAAACDEEE
AAAAAAAAAAAAAAAAAAAACDEEE
AAAAAAAAAAAAAAAAAAAACDEEE
BBBBBBBBBBBBBBBBBBBBCDEEE
BBBBBBBBBBBBBBBBBBBBCDEEE
BBBBBBBBBBBBBBBBBBBBCDEEE
BBBBBBBBBBBBBBBBBBBBCDEEE
BBBBBBBBBBBBBBBBBBBBCDEEE
BBBBBBBBBBBBBBBBBBBBCDEEE
BBBBBBBBBBBBBBBBBBBBCDEEE
BBBBBBBBBBBBBBBBBBBBCDEEE
BBBBBBBBBBBBBBBBBBBBCDEEE
BBBBBBBBBBBBBBBBBBBBCDEEE
BBBBBBBBBBBBBBBBBBBBCDEEE
BBBBBBBBBBBBBBBBBBBBCDEEE
BBBBBBBBBBBBBBBBBBBBCDEEE
BBBBBBBBBBBBBBBBBBBBCDEEE
BBBBBBBBBBBBBBBBBBBBCDEEE
BBBBBBBBBBBBBBBBBBBBCDEEE
BBBBBBBBBBBBBBBBBBBBCDEEE
BBBBBBBBBBBBBBBBBBBBCDEEE
BBBBBBBBBBBBBBBBBBBBCDEEE
BBBBBBBBBBBBBBBBBBBBCDEEE
Case #51:
FDDWWWTTTTTSSSSSSSSSSSSSS
FLUHHHHRRAASSSSSSSSSSSSSS
FXUVVMKBBJJSSSSSSSSSSSSSS
FXUQQCKOOJJSSSSSSSSSSSSSS
FXUIIGKOOJJSSSSSSSSSSSSSS
FXUZYEKOOJJSSSSSSSSSSSSSS
FXUZYPKOOJJSSSSSSSSSSSSSS
FXUZNPKOOJJSSSSSSSSSSSSSS
FXUZNPKOOJJSSSSSSSSSSSSSS
FXUZNPKOOJJSSSSSSSSSSSSSS
FXUZNPKOOJJSSSSSSSSSSSSSS
FXUZNPKOOJJSSSSSSSSSSSSSS
FXUZNPKOOJJSSSSSSSSSSSSSS
FXUZNPKOOJJSSSSSSSSSSSSSS
FXUZNPKOOJJSSSSSSSSSSSSSS
FXUZNPKOOJJSSSSSSSSSSSSSS
FXUZNPKOOJJSSSSSSSSSSSSSS
FXUZNPKOOJJSSSSSSSSSSSSSS
FXUZNPKOOJJSSSSSSSSSSSSSS
FXUZNPKOOJJSSSSSSSSSSSSSS
FXUZNPKOOJJSSSSSSSSSSSSSS
FXUZNPKOOJJSSSSSSSSSSSSSS
FXUZNPKOOJJSSSSSSSSSSSSSS
FXUZNPKOOJJSSSSSSSSSSSSSS
FXUZNPKOOJJSSSSSSSSSSSSSS
Case #52:
HHHHHH
EIIIII
GAMMMM
KFDOOO
LNCOOO
BJCOOO
Case #53:
AAAAAAAAAAAAACEEEEEEEEEEE
AAAAAAAAAAAAACEEEEEEEEEEE
AAAAAAAAAAAAACEEEEEEEEEEE
AAAAAAAAAAAAACEEEEEEEEEEE
AAAAAAAAAAAAACEEEEEEEEEEE
BBBBBBBBBBBBBCDDDDDDDDDDD
BBBBBBBBBBBBBCDDDDDDDDDDD
BBBBBBBBBBBBBCDDDDDDDDDDD
BBBBBBBBBBBBBCDDDDDDDDDDD
BBBBBBBBBBBBBCDDDDDDDDDDD
BBBBBBBBBBBBBCDDDDDDDDDDD
BBBBBBBBBBBBBCDDDDDDDDDDD
BBBBBBBBBBBBBCDDDDDDDDDDD
BBBBBBBBBBBBBCDDDDDDDDDDD
BBBBBBBBBBBBBCDDDDDDDDDDD
BBBBBBBBBBBBBCDDDDDDDDDDD
BBBBBBBBBBBBBCDDDDDDDDDDD
BBBBBBBBBBBBBCDDDDDDDDDDD
BBBBBBBBBBBBBCDDDDDDDDDDD
BBBBBBBBBBBBBCDDDDDDDDDDD
BBBBBBBBBBBBBCDDDDDDDDDDD
BBBBBBBBBBBBBCDDDDDDDDDDD
BBBBBBBBBBBBBCDDDDDDDDDDD
BBBBBBBBBBBBBCDDDDDDDDDDD
BBBBBBBBBBBBBCDDDDDDDDDDD
Case #54:
CZ
CJ
NJ
NK
NI
NI
QE
QE
BU
BT
XT
WM
WV
OL
GL
YA
YA
YA
YA
YF
DF
SF
SF
RP
HP
Case #55:
G
G
G
M
D
E
I
I
H
H
H
F
J
C
B
B
K
A
L
L
L
L
L
L
L
Case #56:
AAAAAAAAAAAAAAAAAAAAAAGGG
AAAAAAAAAAAAAAAAAAAAAAGGG
AAAAAAAAAAAAAAAAAAAAAAGGG
FFFFFFFFFFFFFFFFFFFFFFGGG
FFFFFFFFFFFFFFFFFFFFFFNRR
VVVVVVVVVSSSSSSSSSSSSSNRR
VVVVVVVVVSSSSSSSSSSSSSNLW
VVVVVVVVVSSSSSSSSSSSSSNLW
VVVVVVVVVUUUUUXPPPOOOONLW
VVVVVVVVVUUUUUXPPPOOOONLW
VVVVVVVVVUUUUUXPPPOOOONLW
VVVVVVVVVDDYYHXPPPOOOONLW
VVVVVVVVVDDYYHXPPPOOOONLW
IIIIIIIIIDDYYHXPPPOOOONLW
IIIIIIIIIDDYYHXPPPOOOONBW
IIIIIIIIIDDYYHXPPPOOOONBW
IIIIIIIIIDDYYHXPPPOOOONBW
IIIIIIIIIDDYYHXPPPOOOONBW
ZZZZZZZETDDYYHXPPPOOOONBW
ZZZZZZZETDDYYHXPPPOOOONBW
ZZZZZZZETDDYYHXPPPOOOONBW
KKKKKKKETDDYYHXPPPOOOONBW
KKKKKKKETDDYYCXPPPOOOONBW
KKKKKKKEQDDYYCXJJJOOOONBW
KKKKKKKEQDDMMCXJJJOOOONBW
Case #57:
UUUKKNJJJJJJJJJJJJJPPAAAA
UUUKKNJJJJJJJJJJJJJPPAAAA
UUUKKNDDDDDDDGGGGSSPPAAAA
UUUKKNDDDDDDDGGGGSSPPAAAA
UUUKKNDDDDDDDGGGGSSPPAAAA
UUUKKNDDDDDDDGGGGSSPPAAAA
UUUKKNDDDDDDDGGGGEEPPAAAA
UUUKKNRRRRIICGGGGEEPPAAAA
UUUKKNRRRRIICGGGGEEPPAAAA
UUUKKNRRRRIICGGGGEEPPAAAA
UUUKKNRRRRIICGGGGEEPPFFHH
UUUKKNRRRRIICOOOOEEPPFFHH
UUUKKNRRRRIICOOOOEEPPFFHH
UUUKKNYYMQIICOOOOEEPPFFHH
UUUKKNYYMQIICTTTTEEPPFFHH
UUUWZNYYMQIICTTTTEEPPFFHH
UUUWZNYYMQIICTTTTEEPPFFHH
UUUWZNYYMQIICTTTTEEPPFFHH
UUUWZNYYMQIICTTTTEEPPFFHH
UUUWZNYYMQIICTTTTEEPPFFHH
UUUWZNYYMQIICTTTTEEPPFFHH
UUUWZNYYMQIICTTTTEEPPFFHH
UUUWZNYYMBIICTTTTEEPPFFHH
UUUWZNYYMBIICTTTTEEPPFFHH
XXXWZNYYMBLLCVVVVEEPPFFHH
Case #58:
AAAAAAAAAAAAAAAAAAAAAAAAA
BBBBBBBBBBBBBBBBBBBBBBBBB
CCCCCCCCCCCCCCCCCCCCCCCCC
DDDDDDDDDDDDDDDDDDDDDDDDD
EEEEEEEEEEEEEEEEEEEEEEEEE
FFFFFFFFFFFFFFFFFFFFFFFFF
GGGGGGGGGGGGGGGGGGGGGGGGG
HHHHHHHHHHHHHHHHHHHHHHHHH
IIIIIIIIIIIIIIIIIIIIIIIII
JJJJJJJJJJJJJJJJJJJJJJJJJ
KKKKKKKKKKKKKKKKKKKKKKKKK
LLLLLLLLLLLLLLLLLLLLLLLLL
MMMMMMMMMMMMMMMMMMMMMMMMM
NNNNNNNNNNNNNNNNNNNNNNNNN
OOOOOOOOOOOOOOOOOOOOOOOOO
PPPPPPPPPPPPPPPPPPPPPPPPP
QQQQQQQQQQQQQQQQQQQQQQQQQ
RRRRRRRRRRRRRRRRRRRRRRRRR
SSSSSSSSSSSSSSSSSSSSSSSSS
TTTTTTTTTTTTTTTTTTTTTTTTT
UUUUUUUUUUUUUUUUUUUUUUUUU
VVVVVVVVVVVVVVVVVVVVVVVVV
WWWWWWWWWWWWWWWWWWWWWWWWW
XXXXXXXXXXXXXXXXXXXXXXXXX
YYYYYYYYYYYYYYYYYYYYYYYYY
Case #59:
EEENPPPPYRRRRRRRRRRRRRRRR
EEENPPPPYSSHHGGGGGGGGGGGG
EEENPPPPYSSHHGGGGGGGGGGGG
EEENPPPPYSSHHGGGGGGGGGGGG
EEENPPPPYSSHHVOOOOOOOOOII
EEENPPPPYSSHHVOOOOOOOOOII
EEENPPPPYSSHHVOOOOOOOOOII
EEENCZZZYSSHHVOOOOOOOOOII
EEENCZZZYSSHHVOOOOOOOOOII
EEENCZZZYSSHHVQQQUUUUUUFF
EEENCZZZYSSHHVQQQWWWWWWFF
EEENCZZZBSSHHVQQQWWWWWWFF
EEENCZZZBSSHHVQQQAAKKKKFF
EEENCDDDBSSHHVQQQAAKKKKFF
EEENCDDDBSSHHVQQQAAKKKKFF
EEENCDDDBSSHHVQQQAAKKKKFF
EEENCDDDBSSHHVQQQAAKKKKFF
EEENCDDDBSSHHVQQQAAKKKKFF
EEENCDDDBSSHHVQQQAAKKKKFF
EEENCDDDBSSHHVQQQAAKKKKFF
XXXNCDDDBSSHHVMMMAAKKKKFF
XXXNCJJJBSSHHVMMMAAKKKKFF
XXXNCJJJBSSHHVMMMAAKKKKFF
XXXNCJJJBLLHHVMMMAAKKKKFF
XXXNCTTTBLLHHVMMMAAKKKKFF
Case #60:
AAAAAACCCCCCCCCCCCCCCCCCC
AAAAAACCCCCCCCCCCCCCCCCCC
AAAAAACCCCCCCCCCCCCCCCCCC
AAAAAACCCCCCCCCCCCCCCCCCC
AAAAAAEEEEEEEEEEEEEEEEEEE
AAAAAAEEEEEEEEEEEEEEEEEEE
AAAAAAEEEEEEEEEEEEEEEEEEE
AAAAAAEEEEEEEEEEEEEEEEEEE
BBBBBBBDDDDDDDDDFFFFFGGGG
BBBBBBBDDDDDDDDDFFFFFGGGG
BBBBBBBDDDDDDDDDFFFFFGGGG
BBBBBBBDDDDDDDDDFFFFFGGGG
BBBBBBBDDDDDDDDDFFFFFGGGG
BBBBBBBDDDDDDDDDFFFFFGGGG
BBBBBBBDDDDDDDDDHJJJJGGGG
BBBBBBBDDDDDDDDDHJJJJIIII
BBBBBBBDDDDDDDDDHJJJJIIII
BBBBBBBDDDDDDDDDHJJJJIIII
BBBBBBBDDDDDDDDDHJJJJIIII
BBBBBBBDDDDDDDDDHJJJJIIII
BBBBBBBDDDDDDDDDHJJJJIIII
BBBBBBBDDDDDDDDDHJJJJIIII
BBBBBBBDDDDDDDDDHJJJJIIII
BBBBBBBDDDDDDDDDHJJJJIIII
BBBBBBBDDDDDDDDDHJJJJIIII
Case #61:
AAAAAAAABBBBBBBBBBBBBBBBB
AAAAAAAABBBBBBBBBBBBBBBBB
CCCCEEEEBBBBBBBBBBBBBBBBB
CCCCEEEEDDDDDDDDDDDDDFHHH
CCCCEEEEDDDDDDDDDDDDDFHHH
CCCCEEEEDDDDDDDDDDDDDFHHH
CCCCEEEEDDDDDDDDDDDDDFHHH
CCCCEEEEDDDDDDDDDDDDDFHHH
CCCCEEEEDDDDDDDDDDDDDFHHH
CCCCEEEEDDDDDDDDDDDDDFHHH
CCCCEEEEDDDDDDDDDDDDDFHHH
CCCCEEEEDDDDDDDDDDDDDFHHH
CCCCEEEEDDDDDDDDDDDDDFHHH
CCCCEEEEDDDDDDDDDDDDDFHHH
CCCCEEEEDDDDDDDDDDDDDFHHH
CCCCEEEEDDDDDDDDDDDDDFHHH
CCCCEEEEDDDDDDDDDDDDDFHHH
CCCCEEEEDDDDDDDDDDDDDFIIJ
CCCCEEEEDDDDDDDDDDDDDFIIJ
CCCCEEEEDDDDDDDDDDDDDFIIJ
CCCCEEEEDDDDDDDDDDDDDFIIJ
CCCCEEEEDDDDDDDDDDDDDGIIJ
CCCCEEEEDDDDDDDDDDDDDGIIJ
CCCCEEEEDDDDDDDDDDDDDGIIJ
CCCCEEEEDDDDDDDDDDDDDGIIJ
Case #62:
LLLLLLLLLLLLLLLLLLLLLLLLL
LLLLLLLLLLLLLLLLLLLLLLLLL
LLLLLLLLLLLLLLLLLLLLLLLLL
LLLLLLLLLLLLLLLLLLLLLLLLL
LLLLLLLLLLLLLLLLLLLLLLLLL
LLLLLLLLLLLLLLLLLLLLLLLLL
LLLLLLLLLLLLLLLLLLLLLLLLL
LLLLLLLLLLLLLLLLLLLLLLLLL
LLLLLLLLLLLLLLLLLLLLLLLLL
LLLLLLLLLLLLLLLLLLLLLLLLL
LLLLLLLLLLLLLLLLLLLLLLLLL
LLLLLLLLLLLLLLLLLLLLLLLLL
LLLLLLLLLLLLLLLLLLLLLLLLL
LLLLLLLLLLLLLLLLLLLLLLLLL
OOOOOOOOOOOOOOOOOOOOOOOOO
EEEEEAAAAHHHHHHHHHHHHHHHH
EEEEEAAAAXXXXXXXXXXXXXXXX
EEEEEPPPPPGGGGGGGGGGGGGGG
EEEEEQQTTRRUUUUUUUUUUUUUU
KKKBBCMTTRRSSSSSSSSSSSSSS
KKKVVCNTTRRWWWWWWWWWWWWWW
KKKVVCNZZRRWWWWWWWWWWWWWW
KKKVVCNZZRRWWWWWWWWWWWWWW
YYFVVCNDDRRWWWWWWWWWWWWWW
YYFVVCNJIRRWWWWWWWWWWWWWW
Case #63:
DDDDDDCCCCCCCCCCCCCCCUUTT
DDDDDDCCCCCCCCCCCCCCCUUTT
DDDDDDCCCCCCCCCCCCCCCUUTT
DDDDDDIOOOOOOOOOOOOOOUUTT
DDDDDDIPPPPPPPPPPPPPPUUTT
DDDDDDIKKKKKKKKKKKKKKUUTT
DDDDDDIKKKKKKKKKKKKKKUUTT
DDDDDDIKKKKKKKKKKKKKKUUTT
DDDDDDIZZJJJJJJJXVVNNUUTT
DDDDDDIZZJJJJJJJXVVNNUUTT
DDDDDDIZZJJJJJJJXVVNNUUTT
DDDDDDIZZJJJJJJJXVVNNUUTT
DDDDDDIZZJJJJJJJXVVNNUUTT
LLLLLRIZZJJJJJJJXVVNNUUTT
LLLLLRIZZGHHQQQFXVVNNUUTT
LLLLLRIZZGHHQQQFXVVNNUUTT
LLLLLRIZZGHHQQQFXVVNNUUTT
LLLLLRIZZGHHQQQFXVVNNUUTT
LLLLLRIZZGHHQQQFXVVNNUUTT
LLLLLRIZZGHHQQQFXVVNNUUTT
LLLLLBIZZGHHQQQFXVVNNUUTT
LLLLLBIYYGHHQQQFXVVNNUUTT
LLLLLBIYYGHHQQQFXVVNNWWSS
LLLLLBIMMGHHQQQFXVVNNWWSS
AAAAABIMMGHHQQQFXVVNNWWEE
Case #64:
AACCCCCCCCCCCCCCCCCCCCCCC
AACCCCCCCCCCCCCCCCCCCCCCC
AACCCCCCCCCCCCCCCCCCCCCCC
AACCCCCCCCCCCCCCCCCCCCCCC
AACCCCCCCCCCCCCCCCCCCCCCC
AACCCCCCCCCCCCCCCCCCCCCCC
AACCCCCCCCCCCCCCCCCCCCCCC
AAEEEEEEEEEEEEEEEEEEEEEEE
AAEEEEEEEEEEEEEEEEEEEEEEE
AAEEEEEEEEEEEEEEEEEEEEEEE
AAEEEEEEEEEEEEEEEEEEEEEEE
BBBDDDDDDDDDDFFFFFGGGGGGG
BBBDDDDDDDDDDFFFFFGGGGGGG
BBBDDDDDDDDDDFFFFFGGGGGGG
BBBDDDDDDDDDDFFFFFGGGGGGG
BBBDDDDDDDDDDFFFFFGGGGGGG
BBBDDDDDDDDDDHHHHHGGGGGGG
BBBDDDDDDDDDDHHHHHIIIIIII
BBBDDDDDDDDDDJJJJJIIIIIII
BBBDDDDDDDDDDJJJJJIIIIIII
BBBDDDDDDDDDDJJJJJIIIIIII
BBBDDDDDDDDDDJJJJJIIIIIII
BBBDDDDDDDDDDJJJJJIIIIIII
BBBDDDDDDDDDDJJJJJIIIIIII
BBBDDDDDDDDDDJJJJJIIIIIII
Case #65:
AAAA
AAAA
AAAA
AAAA
AAAA
AAAA
Case #66:
AAA
BBB
BBB
BBB
BBB
Case #67:
BA
Case #68:
ABCDEFGHIJKLMNOPQRSTUVWXY
ABCDEFGHIJKLMNOPQRSTUVWXY
ABCDEFGHIJKLMNOPQRSTUVWXY
ABCDEFGHIJKLMNOPQRSTUVWXY
ABCDEFGHIJKLMNOPQRSTUVWXY
ABCDEFGHIJKLMNOPQRSTUVWXY
ABCDEFGHIJKLMNOPQRSTUVWXY
ABCDEFGHIJKLMNOPQRSTUVWXY
ABCDEFGHIJKLMNOPQRSTUVWXY
ABCDEFGHIJKLMNOPQRSTUVWXY
ABCDEFGHIJKLMNOPQRSTUVWXY
ABCDEFGHIJKLMNOPQRSTUVWXY
ABCDEFGHIJKLMNOPQRSTUVWXY
ABCDEFGHIJKLMNOPQRSTUVWXY
ABCDEFGHIJKLMNOPQRSTUVWXY
ABCDEFGHIJKLMNOPQRSTUVWXY
ABCDEFGHIJKLMNOPQRSTUVWXY
ABCDEFGHIJKLMNOPQRSTUVWXY
ABCDEFGHIJKLMNOPQRSTUVWXY
ABCDEFGHIJKLMNOPQRSTUVWXY
ABCDEFGHIJKLMNOPQRSTUVWXY
ABCDEFGHIJKLMNOPQRSTUVWXY
ABCDEFGHIJKLMNOPQRSTUVWXY
ABCDEFGHIJKLMNOPQRSTUVWXY
ABCDEFGHIJKLMNOPQRSTUVWXY
Case #69:
AAAAAABBBBBBBBBBBBBBBBBBB
AAAAAABBBBBBBBBBBBBBBBBBB
AAAAAABBBBBBBBBBBBBBBBBBB
AAAAAABBBBBBBBBBBBBBBBBBB
CCEEEEBBBBBBBBBBBBBBBBBBB
CCEEEEDDDDDDDDDDDDDDDDDDD
CCEEEEDDDDDDDDDDDDDDDDDDD
CCEEEEDDDDDDDDDDDDDDDDDDD
CCEEEEDDDDDDDDDDDDDDDDDDD
CCEEEEDDDDDDDDDDDDDDDDDDD
CCEEEEDDDDDDDDDDDDDDDDDDD
CCEEEEDDDDDDDDDDDDDDDDDDD
CCEEEEDDDDDDDDDDDDDDDDDDD
CCEEEEDDDDDDDDDDDDDDDDDDD
CCEEEEDDDDDDDDDDDDDDDDDDD
CCEEEEDDDDDDDDDDDDDDDDDDD
CCEEEEDDDDDDDDDDDDDDDDDDD
CCEEEEDDDDDDDDDDDDDDDDDDD
CCEEEEDDDDDDDDDDDDDDDDDDD
CCEEEEDDDDDDDDDDDDDDDDDDD
CCEEEEDDDDDDDDDDDDDDDDDDD
CCEEEEDDDDDDDDDDDDDDDDDDD
CCEEEEDDDDDDDDDDDDDDDDDDD
CCEEEEDDDDDDDDDDDDDDDDDDD
CCEEEEDDDDDDDDDDDDDDDDDDD
Case #70:
ZONNNGGQQVVVVVVVKEEHPPDLC
ZXNNNBRFWMUUUYYYAAITSSJLC
Case #71:
PPPPWWWWRBMLLLLLLLLLLLLLL
PPPPWWWWRBMLLLLLLLLLLLLLL
PPPPWWWWRBMQQZZZZZZZZZZZZ
PPPPWWWWRBMQQZZZZZZZZZZZZ
PPPPWWWWRBMQQZZZZZZZZZZZZ
PPPPWWWWRBMQQZZZZZZZZZZZZ
PPPPWWWWRBKQQZZZZZZZZZZZZ
PPPPWWWWRBKQQONGGGVVVJJFA
PPPPWWWWRBKQQONGGGVVVJJFA
PPPPHHSSRBKQQONGGGVVVJJFA
PPPPHHSSRBKQQONGGGVVVJJFA
PPPPHHSSRBKQQONGGGVVVJJFA
PPPPHHSSRBKQQONGGGVVVJJFA
PPPPHHSSRBKQQONGGGVVVJJFA
PPPPHHSSRBKIIONGGGVVVJJFT
PPPPHHSSRBKIIONGGGVVVJJFT
PPPPHHSSRBKIIONGGGVVVUUFT
PPPPHHSSRBKIIONGGGVVVUUFT
PPPPHHSSRBKIIONGGGVVVUUFT
PPPPHHSSRBKIIONGGGVVVUUFT
DDDCEESSRBKIIONGGGVVVUUFT
DDDCEESSRBKIIONGGGVVVUUFT
DDDCEESSRBXIIONGGGVVVUUFT
DDDCEESSRBXIIONGGGYYYUUFT
DDDCEESSRBXIIONGGGYYYUUFT
Case #72:
AAAAAAAAAAAAAAAAAAAAAAAAA
BBBBBBBBBBBBBBBBBBBBBBBBB
CCCCCCCCCCCCCCCCCCCCCCCCC
DDDDDDDDDDDDDDDDDDDDDDDDD
EEEEEEEEEEEEEEEEEEEEEEEEE
FFFFFFFFFFFFFFFFFFFFFFFFF
GGGGGGGGGGGGGGGGGGGGGGGGG
HHHHHHHHHHHHHHHHHHHHHHHHH
IIIIIIIIIIIIIIIIIIIIIIIII
JJJJJJJJJJJJJJJJJJJJJJJJJ
KKKKKKKKKKKKKKKKKKKKKKKKK
LLLLLLLLLLLLLLLLLLLLLLLLL
MMMMMMMMMMMMMMMMMMMMMMMMM
NNNNNNNNNNNNNNNNNNNNNNNNN
OOOOOOOOOOOOOOOOOOOOOOOOO
PPPPPPPPPPPPPPPPPPPPPPPPP
QQQQQQQQQQQQQQQQQQQQQQQQQ
RRRRRRRRRRRRRRRRRRRRRRRRR
SSSSSSSSSSSSSSSSSSSSSSSSS
TTTTTTTTTTTTTTTTTTTTTTTTT
UUUUUUUUUUUUUUUUUUUUUUUUU
VVVVVVVVVVVVVVVVVVVVVVVVV
WWWWWWWWWWWWWWWWWWWWWWWWW
XXXXXXXXXXXXXXXXXXXXXXXXX
YYYYYYYYYYYYYYYYYYYYYYYYY
Case #73:
CBB
ABB
ABB
ABB
Case #74:
AAAAABBBBBBBBBBBBBBBBBBBB
AAAAABBBBBBBBBBBBBBBBBBBB
AAAAABBBBBBBBBBBBBBBBBBBB
CEEEEBBBBBBBBBBBBBBBBBBBB
CEEEEDDDDDDDDDDDDDDDDDDDD
CEEEEDDDDDDDDDDDDDDDDDDDD
CEEEEDDDDDDDDDDDDDDDDDDDD
CEEEEDDDDDDDDDDDDDDDDDDDD
CEEEEDDDDDDDDDDDDDDDDDDDD
CEEEEDDDDDDDDDDDDDDDDDDDD
CEEEEDDDDDDDDDDDDDDDDDDDD
CEEEEDDDDDDDDDDDDDDDDDDDD
CEEEEDDDDDDDDDDDDDDDDDDDD
CEEEEDDDDDDDDDDDDDDDDDDDD
CEEEEDDDDDDDDDDDDDDDDDDDD
CEEEEDDDDDDDDDDDDDDDDDDDD
CEEEEDDDDDDDDDDDDDDDDDDDD
CEEEEDDDDDDDDDDDDDDDDDDDD
CEEEEDDDDDDDDDDDDDDDDDDDD
CEEEEFFFFFFFFFFFFFFFHHJJJ
CEEEEFFFFFFFFFFFFFFFHHJJJ
CEEEEFFFFFFFFFFFFFFFHHJJJ
CEEEEFFFFFFFFFFFFFFFHHJJJ
CEEEEFFFFFFFFFFFFFFFHHJJJ
CEEEEGGGGGGGGGGGGGGGGIJJJ
Case #75:
AAAAACCCCCCCCCCCCCCCCCCCC
AAAAACCCCCCCCCCCCCCCCCCCC
AAAAACCCCCCCCCCCCCCCCCCCC
AAAAACCCCCCCCCCCCCCCCCCCC
AAAAACCCCCCCCCCCCCCCCCCCC
AAAAAEEEEEEEEEEEEEEEEEEEE
AAAAAEEEEEEEEEEEEEEEEEEEE
AAAAAEEEEEEEEEEEEEEEEEEEE
AAAAAEEEEEEEEEEEEEEEEEEEE
BBBBBBDDDDDDDDDDDDDDDDDDD
BBBBBBDDDDDDDDDDDDDDDDDDD
BBBBBBDDDDDDDDDDDDDDDDDDD
BBBBBBDDDDDDDDDDDDDDDDDDD
BBBBBBDDDDDDDDDDDDDDDDDDD
BBBBBBDDDDDDDDDDDDDDDDDDD
BBBBBBDDDDDDDDDDDDDDDDDDD
BBBBBBDDDDDDDDDDDDDDDDDDD
BBBBBBDDDDDDDDDDDDDDDDDDD
BBBBBBDDDDDDDDDDDDDDDDDDD
BBBBBBDDDDDDDDDDDDDDDDDDD
BBBBBBDDDDDDDDDDDDDDDDDDD
BBBBBBDDDDDDDDDDDDDDDDDDD
BBBBBBDDDDDDDDDDDDDDDDDDD
BBBBBBDDDDDDDDDDDDDDDDDDD
BBBBBBDDDDDDDDDDDDDDDDDDD
Case #76:
AAAAAAABBBBBBBBBBBBBBBBBB
AAAAAAABBBBBBBBBBBBBBBBBB
CCCEEEEBBBBBBBBBBBBBBBBBB
CCCEEEEDDDDDDDDDDDDDDDDDD
CCCEEEEDDDDDDDDDDDDDDDDDD
CCCEEEEDDDDDDDDDDDDDDDDDD
CCCEEEEDDDDDDDDDDDDDDDDDD
CCCEEEEDDDDDDDDDDDDDDDDDD
CCCEEEEDDDDDDDDDDDDDDDDDD
CCCEEEEDDDDDDDDDDDDDDDDDD
CCCEEEEDDDDDDDDDDDDDDDDDD
CCCEEEEDDDDDDDDDDDDDDDDDD
CCCEEEEDDDDDDDDDDDDDDDDDD
CCCEEEEDDDDDDDDDDDDDDDDDD
CCCEEEEDDDDDDDDDDDDDDDDDD
CCCEEEEFFFFFFFFFFHHJJJJJJ
CCCEEEEFFFFFFFFFFHHJJJJJJ
CCCEEEEFFFFFFFFFFHHJJJJJJ
CCCEEEEFFFFFFFFFFHHJJJJJJ
CCCEEEEFFFFFFFFFFHHJJJJJJ
CCCEEEEGGGGGGGGGGGIJJJJJJ
CCCEEEEGGGGGGGGGGGIJJJJJJ
CCCEEEEGGGGGGGGGGGIJJJJJJ
CCCEEEEGGGGGGGGGGGIJJJJJJ
CCCEEEEGGGGGGGGGGGIJJJJJJ
Case #77:
HHHHHHHHHHHHHHHHHHHHHHHHH
HHHHHHHHHHHHHHHHHHHHHHHHH
LLXXXXXXXXXXXXXXXXXXAAQQW
LLNNNNNNNNNNNNNNNNNNAAQQW
LLNNNNNNNNNNNNNNNNNNAAQQW
LLPPPPPPPPPPPPPPPYYCAAQQW
LLPPPPPPPPPPPPPPPYYCAAQQW
LLPPPPPPPPPPPPPPPYYCAAIIW
LLPPPPPPPPPPPPPPPYYCAAIIW
LLPPPPPPPPPPPPPPPYYCAAIIW
LLBBBBBBBBBBBBBBBYYCAAEEW
LLBBBBBBBBBBBBBBBYYCAAEEW
LLFFFFFUUUUVVVVVVYYRAAEEW
LLFFFFFUUUUVVVVVVYYRAAEEW
OOFFFFFUUUUVVVVVVYYRAAEEW
OOFFFFFUUUUVVVVVVYYTAAEEW
OOFFFFFUUUUVVVVVVYYTAAEEW
OOFFFFFUUUUVVVVVVYYTAAEEW
OOZZZZZUUUUVVVVVVGSTAAEEW
OOZZZZZUUUUVVVVVVGSTAAEEW
OOZZZZZUUUUVVVVVVGSTAAEEW
OOZZZZZUUUUJJJJJJGSTAAEEW
OODDDDDUUUUJJJJJJGSTAAEEW
OODDDDDUUUUJJJJJJGSTAAEEW
OODDDDDUUUUJJJJJJGSTAAMMK
Case #78:
SSSSSSSSSSSSSUUUUUUUUUUUU
SSSSSSSSSSSSSUUUUUUUUUUUU
SSSSSSSSSSSSSUUUUUUUUUUUU
SSSSSSSSSSSSSUUUUUUUUUUUU
SSSSSSSSSSSSSEVRRRFCCCCDI
SSSSSSSSSSSSSEVRRRFCCCCDI
SSSSSSSSSSSSSEVNNNFKKKKDI
SSSSSSSSSSSSSEVJPPFKKKKDI
SSSSSSSSSSSSSEVHBTFKKKKDI
SSSSSSSSSSSSSEAWBTFQLZYDI
SSSSSSSSSSSSSEAWBTFQLZYXI
SSSSSSSSSSSSSEAWBTFGLZYMI
SSSSSSSSSSSSSEAWBTFGLZYMI
SSSSSSSSSSSSSEAWBTOGLZYMI
SSSSSSSSSSSSSEAWBTOGLZYMI
SSSSSSSSSSSSSEAWBTOGLZYMI
SSSSSSSSSSSSSEAWBTOGLZYMI
SSSSSSSSSSSSSEAWBTOGLZYMI
SSSSSSSSSSSSSEAWBTOGLZYMI
SSSSSSSSSSSSSEAWBTOGLZYMI
SSSSSSSSSSSSSEAWBTOGLZYMI
SSSSSSSSSSSSSEAWBTOGLZYMI
SSSSSSSSSSSSSEAWBTOGLZYMI
SSSSSSSSSSSSSEAWBTOGLZYMI
SSSSSSSSSSSSSEAWBTOGLZYMI
Case #79:
LLLLVVVVVVVFFKPHHHHHHHHHH
LLLLVVVVVVVFFKPHHHHHHHHHH
DDDDJJSTTUUCCKPAWZZZZZZZZ
DDDDJJSTTUUNNKPAWZZZZZZZZ
MMMMJJSTTYENNKPAWZZZZZZZZ
MMMMJJSTTYENNKPAWZZZZZZZZ
MMMMJJSTTYGNNKPOWZZZZZZZZ
MMMMJJSTTYGQXKPOWZZZZZZZZ
MMMMJJSTTYBQXKPOWZZZZZZZZ
MMMMJJSTTYIQXKPOWZZZZZZZZ
MMMMJJSTTYRQXKPOWZZZZZZZZ
MMMMJJSTTYRQXKPOWZZZZZZZZ
MMMMJJSTTYRQXKPOWZZZZZZZZ
MMMMJJSTTYRQXKPOWZZZZZZZZ
MMMMJJSTTYRQXKPOWZZZZZZZZ
MMMMJJSTTYRQXKPOWZZZZZZZZ
MMMMJJSTTYRQXKPOWZZZZZZZZ
MMMMJJSTTYRQXKPOWZZZZZZZZ
MMMMJJSTTYRQXKPOWZZZZZZZZ
MMMMJJSTTYRQXKPOWZZZZZZZZ
MMMMJJSTTYRQXKPOWZZZZZZZZ
MMMMJJSTTYRQXKPOWZZZZZZZZ
MMMMJJSTTYRQXKPOWZZZZZZZZ
MMMMJJSTTYRQXKPOWZZZZZZZZ
MMMMJJSTTYRQXKPOWZZZZZZZZ
Case #80:
A
A
Case #81:
AAAAAAAAAAAAAAAAAAAAAAAAA
BBBBBBBBBBBBBBBBBBBBBBBBB
CCCCCCCCCCCCCCCCCCCCCCCCC
DDDDDDDDDDDDDDDDDDDDDDDDD
EEEEEEEEEEEEEEEEEEEEEEEEE
FFFFFFFFFFFFFFFFFFFFFFFFF
GGGGGGGGGGGGGGGGGGGGGGGGG
HHHHHHHHHHHHHHHHHHHHHHHHH
IIIIIIIIIIIIIIIIIIIIIIIII
JJJJJJJJJJJJJJJJJJJJJJJJJ
KKKKKKKKKKKKKKKKKKKKKKKKK
LLLLLLLLLLLLLLLLLLLLLLLLL
MMMMMMMMMMMMMMMMMMMMMMMMM
NNNNNNNNNNNNNNNNNNNNNNNNN
OOOOOOOOOOOOOOOOOOOOOOOOO
PPPPPPPPPPPPPPPPPPPPPPPPP
QQQQQQQQQQQQQQQQQQQQQQQQQ
RRRRRRRRRRRRRRRRRRRRRRRRR
SSSSSSSSSSSSSSSSSSSSSSSSS
TTTTTTTTTTTTTTTTTTTTTTTTT
UUUUUUUUUUUUUUUUUUUUUUUUU
VVVVVVVVVVVVVVVVVVVVVVVVV
WWWWWWWWWWWWWWWWWWWWWWWWW
XXXXXXXXXXXXXXXXXXXXXXXXX
YYYYYYYYYYYYYYYYYYYYYYYYY
Case #82:
ABCDEFGHIJKLMNOPQRSTUVWXY
ABCDEFGHIJKLMNOPQRSTUVWXY
ABCDEFGHIJKLMNOPQRSTUVWXY
ABCDEFGHIJKLMNOPQRSTUVWXY
ABCDEFGHIJKLMNOPQRSTUVWXY
ABCDEFGHIJKLMNOPQRSTUVWXY
ABCDEFGHIJKLMNOPQRSTUVWXY
ABCDEFGHIJKLMNOPQRSTUVWXY
ABCDEFGHIJKLMNOPQRSTUVWXY
ABCDEFGHIJKLMNOPQRSTUVWXY
ABCDEFGHIJKLMNOPQRSTUVWXY
ABCDEFGHIJKLMNOPQRSTUVWXY
ABCDEFGHIJKLMNOPQRSTUVWXY
ABCDEFGHIJKLMNOPQRSTUVWXY
ABCDEFGHIJKLMNOPQRSTUVWXY
ABCDEFGHIJKLMNOPQRSTUVWXY
ABCDEFGHIJKLMNOPQRSTUVWXY
ABCDEFGHIJKLMNOPQRSTUVWXY
ABCDEFGHIJKLMNOPQRSTUVWXY
ABCDEFGHIJKLMNOPQRSTUVWXY
ABCDEFGHIJKLMNOPQRSTUVWXY
ABCDEFGHIJKLMNOPQRSTUVWXY
ABCDEFGHIJKLMNOPQRSTUVWXY
ABCDEFGHIJKLMNOPQRSTUVWXY
ABCDEFGHIJKLMNOPQRSTUVWXY
Case #83:
RRRRRRRRRRRRRRNNNNNNNNNNN
RRRRRRRRRRRRRRNNNNNNNNNNN
RRRRRRRRRRRRRRNNNNNNNNNNN
RRRRRRRRRRRRRRNNNNNNNNNNN
RRRRRRRRRRRRRRDXFYYYYYYYY
RRRRRRRRRRRRRRDXFYYYYYYYY
OOHHHHHHHHHHHHDXFYYYYYYYY
OOCIIIIIIIIIIIDXFYYYYYYYY
OOCIIIIIIIIIIIDXFYYYYYYYY
OOCIIIIIIIIIIIDXFYYYYYYYY
OOCIIIIIIIIIIIDXFSSAAEEEE
OOCZZZZBBBBBBBDXFSSAAEEEE
OOCZZZZBBBBBBBDXFSSAAEEEE
OOCZZZZBBBBBBBDXFSSAAEEEE
OOCZZZZBBBBBBBDXFSSAAEEEE
OOCZZZZWWWWWWWDXFUMAAEEEE
OOJZZZZWWWWWWWDXFUMAAEEEE
OOJZZZZVVVVVPPDXFUMAAEEEE
OOJZZZZVVVVVPPDXFUMAAEEEE
OOJZZZZVVVVVPPDXFUMAAEEEE
OOJGGGGVVVVVPPDXFUMAAEEEE
OOJGGGGVVVVVPPDXFUMAAEEEE
OOJGGGGTTTTTPPDXFUMAAEEEE
OOJGGGGTTTTTPPDXKUMAAEEEE
OOJGGGGLLQQQPPDXKUMAAEEEE
Case #84:
QQQQC
MHPRK
GHAOB
IENJS
DLUTF
Case #85:
AAAAAAAAAAAAAAAAAAAAAAAAA
BBBBBBBBBBBBBBBBBBBBBBBBB
CCCCCCCCCCCCCCCCCCCCCCCCC
DDDDDDDDDDDDDDDDDDDDDDDDD
EEEEEEEEEEEEEEEEEEEEEEEEE
FFFFFFFFFFFFFFFFFFFFFFFFF
GGGGGGGGGGGGGGGGGGGGGGGGG
HHHHHHHHHHHHHHHHHHHHHHHHH
IIIIIIIIIIIIIIIIIIIIIIIII
JJJJJJJJJJJJJJJJJJJJJJJJJ
KKKKKKKKKKKKKKKKKKKKKKKKK
LLLLLLLLLLLLLLLLLLLLLLLLL
MMMMMMMMMMMMMMMMMMMMMMMMM
NNNNNNNNNNNNNNNNNNNNNNNNN
OOOOOOOOOOOOOOOOOOOOOOOOO
PPPPPPPPPPPPPPPPPPPPPPPPP
QQQQQQQQQQQQQQQQQQQQQQQQQ
RRRRRRRRRRRRRRRRRRRRRRRRR
SSSSSSSSSSSSSSSSSSSSSSSSS
TTTTTTTTTTTTTTTTTTTTTTTTT
UUUUUUUUUUUUUUUUUUUUUUUUU
VVVVVVVVVVVVVVVVVVVVVVVVV
WWWWWWWWWWWWWWWWWWWWWWWWW
XXXXXXXXXXXXXXXXXXXXXXXXX
YYYYYYYYYYYYYYYYYYYYYYYYY
Case #86:
JJJJJJJJJJJJJMMMMMMMETKKK
JJJJJJJJJJJJJMMMMMMMETKKK
JJJJJJJJJJJJJMMMMMMMETKKK
JJJJJJJJJJJJJMMMMMMMETKKK
JJJJJJJJJJJJJMMMMMMMETKKK
JJJJJJJJJJJJJMMMMMMMETKKK
JJJJJJJJJJJJJMMMMMMMETKKK
JJJJJJJJJJJJJNRUUUUUETKKK
JJJJJJJJJJJJJNRUUUUUETKKK
JJJJJJJJJJJJJNRUUUUUETKKK
JJJJJJJJJJJJJNRUUUUUETKKK
JJJJJJJJJJJJJNRQSOBBETAAA
JJJJJJJJJJJJJNRQSOBBEGAAA
JJJJJJJJJJJJJNRQSOBBEGAAA
ZZZZZZZZZZZZXNRQSOBBEGPPP
ZZZZZZZZZZZZXNRQSOBBEGPPP
ZZZZZZZZZZZZXNRQSOBBEGPPP
CCCCCWWWWWWWXNRQSOBBEGPPP
CCCCCWWWWWWWXNRQVOIIELPPP
CCCCCWWWWWWWXNRQVOIIELPPP
CCCCCWWWWWWWXNRQVOIIELDDD
FHHHHWWWWWWWXNRQVOIIELDDD
FHHHHWWWWWWWXNRQVOIIELDDD
FHHHHWWWWWWWXNRYVOIIELDDD
FHHHHWWWWWWWXNRYVOIIELDDD
Case #87:
JJJJJJJJJJJJJJJJJJJJJJJJJ
JJJJJJJJJJJJJJJJJJJJJJJJJ
JJJJJJJJJJJJJJJJJJJJJJJJJ
JJJJJJJJJJJJJJJJJJJJJJJJJ
JJJJJJJJJJJJJJJJJJJJJJJJJ
JJJJJJJJJJJJJJJJJJJJJJJJJ
JJJJJJJJJJJJJJJJJJJJJJJJJ
JJJJJJJJJJJJJJJJJJJJJJJJJ
JJJJJJJJJJJJJJJJJJJJJJJJJ
JJJJJJJJJJJJJJJJJJJJJJJJJ
JJJJJJJJJJJJJJJJJJJJJJJJJ
JJJJJJJJJJJJJJJJJJJJJJJJJ
JJJJJJJJJJJJJJJJJJJJJJJJJ
JJJJJJJJJJJJJJJJJJJJJJJJJ
JJJJJJJJJJJJJJJJJJJJJJJJJ
JJJJJJJJJJJJJJJJJJJJJJJJJ
MMMMMMMMMMMMMMWWWWWWWWNNN
MMMMMMMMMMMMMMOOGGGGGGGVV
MMMMMMMMMMMMMMOOYYYYQQLVV
EEEEEEEEEEEEEEOOYYYYQQLII
EEEEEEEEEEEEEEOOYYYYXXLZZ
AAAAAAAAAAAAAAOOHHHDSTLZZ
AAAAAAAAAAAAAAPRHHHDSTLCC
AAAAAAAAAAAAAAPFFKKBSTLCC
AAAAAAAAAAAAAAPUUKKBSTLCC
Case #88:
VVVVVVVVVVVVVVVVVVVVVVVVV
VVVVVVVVVVVVVVVVVVVVVVVVV
VVVVVVVVVVVVVVVVVVVVVVVVV
VVVVVVVVVVVVVVVVVVVVVVVVV
VVVVVVVVVVVVVVVVVVVVVVVVV
VVVVVVVVVVVVVVVVVVVVVVVVV
EEEEEJJJJJJJJJJOXXXXXXXXX
EEEEEJJJJJJJJJJOXXXXXXXXX
EEEEEJJJJJJJJJJORRRIIIIIF
EEEEEBBGGGGGGYNORRRIIIIIF
EEEEEBBGGGGGGYNORRRIIIIIF
EEEEEBBGGGGGGYNORRRIIIIIF
EEEEEBBQQQQQQYNORRRHTTTTF
EEEEEBBQQQQQQYNORRRHTTTTF
EEEEEBBQQQQQQYNORRRHTTTTF
EEEEEBBQQQQQQYNORRRHTTTTF
EEEEEBBQQQQQQYNORRRHCCCCF
KKKKSBBQQQQQQYNURRRHLLLLF
KKKKSBBQQQQQQYNURRRHLLLLF
KKKKSBBDDDDAAYNURRRHLLLLF
KKKKSBBPPPPAAYNURRRHLLLLF
KKKKSBBPPPPAAYNURRRHLLLLF
KKKKSBBPPPPAAYNURRRHMWWWF
KKKKSBBPPPPAAYNURRRHMWWWF
Case #89:
AAAAAABBBBBBBBBBBBBBBBBBB
AAAAAABBBBBBBBBBBBBBBBBBB
AAAAAABBBBBBBBBBBBBBBBBBB
CCEEEEBBBBBBBBBBBBBBBBBBB
CCEEEEDDDDDDDDDDDDDDFHHHH
CCEEEEDDDDDDDDDDDDDDFHHHH
CCEEEEDDDDDDDDDDDDDDFHHHH
CCEEEEDDDDDDDDDDDDDDFHHHH
CCEEEEDDDDDDDDDDDDDDFHHHH
CCEEEEDDDDDDDDDDDDDDFHHHH
CCEEEEDDDDDDDDDDDDDDFHHHH
CCEEEEDDDDDDDDDDDDDDFHHHH
CCEEEEDDDDDDDDDDDDDDFHHHH
CCEEEEDDDDDDDDDDDDDDFHHHH
CCEEEEDDDDDDDDDDDDDDFIIJJ
CCEEEEDDDDDDDDDDDDDDFIIJJ
CCEEEEDDDDDDDDDDDDDDFIIJJ
CCEEEEDDDDDDDDDDDDDDFIIJJ
CCEEEEDDDDDDDDDDDDDDGIIJJ
CCEEEEDDDDDDDDDDDDDDGIIJJ
CCEEEEDDDDDDDDDDDDDDGIIJJ
CCEEEEDDDDDDDDDDDDDDGIIJJ
CCEEEEDDDDDDDDDDDDDDGIIJJ
CCEEEEDDDDDDDDDDDDDDGIIJJ
CCEEEEDDDDDDDDDDDDDDGIIJJ
Case #90:
AALEE
AALEE
AALEE
AALEE
AADFH
AACBG
AAJIK
Case #91:
LLLLLLLLLLLLLLLLLLLLLLLLL
LLLLLLLLLLLLLLLLLLLLLLLLL
WWWRRXXXXXXXXXXXXXXXXXXXX
WWWRRHHHHHHHHHHHHHHHHMMOO
WWWRRHHHHHHHHHHHHHHHHMMOO
WWWRRCCCCCCCCCZAAAAAAMMOO
WWWRRCCCCCCCCCZAAAAAAMMOO
WWWRRCCCCCCCCCZAAAAAAMMOO
WWWRRCCCCCCCCCZAAAAAAMMOO
WWWRRCCCCCCCCCGAAAAAAMMOO
WWWRRUUUUUUUIIGAAAAAAMMOO
WWWRRUUUUUUUIIGAAAAAAMMEE
WWWRRUUUUUUUIIGAAAAAAMMEE
WWWRRUUUUUUUIIGAAAAAAMMEE
WWWRRUUUUUUUIIGAAAAAAMMPP
WWWRRUUUUUUUIIGTTKKDSMMYV
WWWRRNNNNNNQIIGTTKKDSMMYV
WWWRRNNNNNNQIIGTTKKDSMMYV
WWWRRNNNNNNQIIGTTKKDSMMYV
WWWRRNNNNNNQIIGTTKKDSMMYV
WWWRRNNNNNNQIIGTTKKDSMMYV
WWWRRFFJJJJQIIGTTKKDSMMYV
WWWRRFFJJJJQIIGTTKKDSMMYV
WWWRRFFBBBBQIIGTTKKDSMMYV
WWWRRFFBBBBQIIGTTKKDSMMYV
Case #92:
AABOCPDQERFSGTHUIVJWKXLYM
ZNBOCPDQERFSGTHUIVJWKXLYM
ZNBOCPDQERFSGTHUIVJWKXLYM
ZNBOCPDQERFSGTHUIVJWKXLYM
ZNBOCPDQERFSGTHUIVJWKXLYM
ZNBOCPDQERFSGTHUIVJWKXLYM
ZNBOCPDQERFSGTHUIVJWKXLYM
ZNBOCPDQERFSGTHUIVJWKXLYM
ZNBOCPDQERFSGTHUIVJWKXLYM
ZNBOCPDQERFSGTHUIVJWKXLYM
ZNBOCPDQERFSGTHUIVJWKXLYM
ZNBOCPDQERFSGTHUIVJWKXLYM
ZNBOCPDQERFSGTHUIVJWKXLYM
ZNBOCPDQERFSGTHUIVJWKXLYM
ZNBOCPDQERFSGTHUIVJWKXLYM
ZNBOCPDQERFSGTHUIVJWKXLYM
ZNBOCPDQERFSGTHUIVJWKXLYM
ZNBOCPDQERFSGTHUIVJWKXLYM
ZNBOCPDQERFSGTHUIVJWKXLYM
ZNBOCPDQERFSGTHUIVJWKXLYM
ZNBOCPDQERFSGTHUIVJWKXLYM
ZNBOCPDQERFSGTHUIVJWKXLYM
ZNBOCPDQERFSGTHUIVJWKXLYM
ZNBOCPDQERFSGTHUIVJWKXLYM
ZNBOCPDQERFSGTHUIVJWKXLYM
Case #93:
AAAAAACCCCCCCCCCCCCCCCCCC
AAAAAACCCCCCCCCCCCCCCCCCC
AAAAAACCCCCCCCCCCCCCCCCCC
AAAAAACCCCCCCCCCCCCCCCCCC
AAAAAAEEEEEEEEEEEEEEEEEEE
AAAAAAEEEEEEEEEEEEEEEEEEE
AAAAAAEEEEEEEEEEEEEEEEEEE
AAAAAAEEEEEEEEEEEEEEEEEEE
BBBBBBBDDDDDDDDDFFFFFGGGG
BBBBBBBDDDDDDDDDFFFFFGGGG
BBBBBBBDDDDDDDDDFFFFFGGGG
BBBBBBBDDDDDDDDDFFFFFGGGG
BBBBBBBDDDDDDDDDFFFFFGGGG
BBBBBBBDDDDDDDDDFFFFFGGGG
BBBBBBBDDDDDDDDDFFFFFGGGG
BBBBBBBDDDDDDDDDFFFFFGGGG
BBBBBBBDDDDDDDDDFFFFFGGGG
BBBBBBBDDDDDDDDDHHHHHGGGG
BBBBBBBDDDDDDDDDHHHHHIIII
BBBBBBBDDDDDDDDDJJJJJIIII
BBBBBBBDDDDDDDDDJJJJJIIII
BBBBBBBDDDDDDDDDJJJJJIIII
BBBBBBBDDDDDDDDDJJJJJIIII
BBBBBBBDDDDDDDDDJJJJJIIII
BBBBBBBDDDDDDDDDJJJJJIIII
Case #94:
AAAAAAAAAAABBBBBBBBBBBBBB
CCCCCCCEEEEBBBBBBBBBBBBBB
CCCCCCCEEEEDDDDDDDDFHHHHH
CCCCCCCEEEEDDDDDDDDFHHHHH
CCCCCCCEEEEDDDDDDDDFHHHHH
CCCCCCCEEEEDDDDDDDDFHHHHH
CCCCCCCEEEEDDDDDDDDFHHHHH
CCCCCCCEEEEDDDDDDDDFHHHHH
CCCCCCCEEEEDDDDDDDDFHHHHH
CCCCCCCEEEEDDDDDDDDFHHHHH
CCCCCCCEEEEDDDDDDDDFHHHHH
CCCCCCCEEEEDDDDDDDDFHHHHH
CCCCCCCEEEEDDDDDDDDFHHHHH
CCCCCCCEEEEDDDDDDDDFIIJJJ
CCCCCCCEEEEDDDDDDDDFIIJJJ
CCCCCCCEEEEDDDDDDDDFIIJJJ
CCCCCCCEEEEDDDDDDDDFIIJJJ
CCCCCCCEEEEDDDDDDDDGIIJJJ
CCCCCCCEEEEDDDDDDDDGIIJJJ
CCCCCCCEEEEDDDDDDDDGIIJJJ
CCCCCCCEEEEDDDDDDDDGIIJJJ
CCCCCCCEEEEDDDDDDDDGIIJJJ
CCCCCCCEEEEDDDDDDDDGIIJJJ
CCCCCCCEEEEDDDDDDDDGIIJJJ
CCCCCCCEEEEDDDDDDDDGIIJJJ
Case #95:
EEQQQQQQQQQQQQQQQQQQQQQQQ
EEQQQQQQQQQQQQQQQQQQQQQQQ
EEQQQQQQQQQQQQQQQQQQQQQQQ
EEQQQQQQQQQQQQQQQQQQQQQQQ
EEQQQQQQQQQQQQQQQQQQQQQQQ
EEQQQQQQQQQQQQQQQQQQQQQQQ
EEQQQQQQQQQQQQQQQQQQQQQQQ
EEQQQQQQQQQQQQQQQQQQQQQQQ
EEQQQQQQQQQQQQQQQQQQQQQQQ
EEQQQQQQQQQQQQQQQQQQQQQQQ
EEQQQQQQQQQQQQQQQQQQQQQQQ
EEQQQQQQQQQQQQQQQQQQQQQQQ
EEQQQQQQQQQQQQQQQQQQQQQQQ
EEQQQQQQQQQQQQQQQQQQQQQQQ
EEQQQQQQQQQQQQQQQQQQQQQQQ
EEQQQQQQQQQQQQQQQQQQQQQQQ
EEQQQQQQQQQQQQQQQQQQQQQQQ
EEQQQQQQQQQQQQQQQQQQQQQQQ
SSSJJJJJJJJJJJJJJJJJJJJJJ
GGNNKKKKKKKKKKKKKKKKKKKKK
UUNNKKKKKKKKKKKKKKKKKKKKK
XXXAKKKKKKKKKKKKKKKKKKKKK
XXXITTDOOOOOOOOOOOOOOOOOO
WCBPTTYMMMMMMMMMMMMMMMMMM
VCFPHHRZZLLLLLLLLLLLLLLLL
Case #96:
AAAAAAAAAAAAAAAAAAAAAABBB
AAAAAAAAAAAAAAAAAAAAAABBB
AAAAAAAAAAAAAAAAAAAAAABBB
CCCCCCCCCCCCCCCCCCEEEEBBB
CCCCCCCCCCCCCCCCCCEEEEDDD
CCCCCCCCCCCCCCCCCCEEEEDDD
CCCCCCCCCCCCCCCCCCEEEEDDD
CCCCCCCCCCCCCCCCCCEEEEDDD
CCCCCCCCCCCCCCCCCCEEEEDDD
CCCCCCCCCCCCCCCCCCEEEEDDD
CCCCCCCCCCCCCCCCCCEEEEDDD
CCCCCCCCCCCCCCCCCCEEEEDDD
CCCCCCCCCCCCCCCCCCEEEEDDD
CCCCCCCCCCCCCCCCCCEEEEDDD
CCCCCCCCCCCCCCCCCCEEEEDDD
CCCCCCCCCCCCCCCCCCEEEEDDD
CCCCCCCCCCCCCCCCCCEEEEDDD
CCCCCCCCCCCCCCCCCCEEEEDDD
CCCCCCCCCCCCCCCCCCEEEEDDD
CCCCCCCCCCCCCCCCCCEEEEDDD
CCCCCCCCCCCCCCCCCCEEEEDDD
CCCCCCCCCCCCCCCCCCEEEEDDD
CCCCCCCCCCCCCCCCCCEEEEDDD
CCCCCCCCCCCCCCCCCCEEEEDDD
CCCCCCCCCCCCCCCCCCEEEEDDD
Case #97:
ABCDEFGHIJKLMNOPQRSTUVWXY
ABCDEFGHIJKLMNOPQRSTUVWXY
ABCDEFGHIJKLMNOPQRSTUVWXY
ABCDEFGHIJKLMNOPQRSTUVWXY
ABCDEFGHIJKLMNOPQRSTUVWXY
ABCDEFGHIJKLMNOPQRSTUVWXY
ABCDEFGHIJKLMNOPQRSTUVWXY
ABCDEFGHIJKLMNOPQRSTUVWXY
ABCDEFGHIJKLMNOPQRSTUVWXY
ABCDEFGHIJKLMNOPQRSTUVWXY
ABCDEFGHIJKLMNOPQRSTUVWXY
ABCDEFGHIJKLMNOPQRSTUVWXY
ABCDEFGHIJKLMNOPQRSTUVWXY
ABCDEFGHIJKLMNOPQRSTUVWXY
ABCDEFGHIJKLMNOPQRSTUVWXY
ABCDEFGHIJKLMNOPQRSTUVWXY
ABCDEFGHIJKLMNOPQRSTUVWXY
ABCDEFGHIJKLMNOPQRSTUVWXY
ABCDEFGHIJKLMNOPQRSTUVWXY
ABCDEFGHIJKLMNOPQRSTUVWXY
ABCDEFGHIJKLMNOPQRSTUVWXY
ABCDEFGHIJKLMNOPQRSTUVWXY
ABCDEFGHIJKLMNOPQRSTUVWXY
ABCDEFGHIJKLMNOPQRSTUVWXY
ABCDEFGHIJKLMNOPQRSTUVWXY
Case #98:
DDCC
DDEB
DDEB
DDAB
Case #99:
AACCCCCCCCCCCCCCCCCCCCCCC
AACCCCCCCCCCCCCCCCCCCCCCC
AACCCCCCCCCCCCCCCCCCCCCCC
AACCCCCCCCCCCCCCCCCCCCCCC
AACCCCCCCCCCCCCCCCCCCCCCC
AACCCCCCCCCCCCCCCCCCCCCCC
AACCCCCCCCCCCCCCCCCCCCCCC
AACCCCCCCCCCCCCCCCCCCCCCC
AAEEEEEEEEEEEEEEEEEEEEEEE
AAEEEEEEEEEEEEEEEEEEEEEEE
AAEEEEEEEEEEEEEEEEEEEEEEE
AAEEEEEEEEEEEEEEEEEEEEEEE
BBBDDDDDDDDDDDDDDDDDDDDDD
BBBDDDDDDDDDDDDDDDDDDDDDD
BBBDDDDDDDDDDDDDDDDDDDDDD
BBBDDDDDDDDDDDDDDDDDDDDDD
BBBDDDDDDDDDDDDDDDDDDDDDD
BBBDDDDDDDDDDDDDDDDDDDDDD
BBBDDDDDDDDDDDDDDDDDDDDDD
BBBDDDDDDDDDDDDDDDDDDDDDD
BBBDDDDDDDDDDDDDDDDDDDDDD
BBBDDDDDDDDDDDDDDDDDDDDDD
BBBDDDDDDDDDDDDDDDDDDDDDD
BBBDDDDDDDDDDDDDDDDDDDDDD
BBBDDDDDDDDDDDDDDDDDDDDDD
Case #100:
RRRRRRRRRRRRRRRRRRRRRRRRR
RRRRRRRRRRRRRRRRRRRRRRRRR
RRRRRRRRRRRRRRRRRRRRRRRRR
RRRRRRRRRRRRRRRRRRRRRRRRR
RRRRRRRRRRRRRRRRRRRRRRRRR
RRRRRRRRRRRRRRRRRRRRRRRRR
RRRRRRRRRRRRRRRRRRRRRRRRR
RRRRRRRRRRRRRRRRRRRRRRRRR
RRRRRRRRRRRRRRRRRRRRRRRRR
LLGGGGGGGGGGGGGGGGGGGGGGG
LLOOOOOMMKKKKKKKKKKKKKKKK
LLOOOOOTQKKKKKKKKKKKKKKKK
LLOOOOOWQAAAAAAAAAAAAAAAA
LLOOOOOWQAAAAAAAAAAAAAAAA
LLIIIIIWQAAAAAAAAAAAAAAAA
LLIIIIIWSYYYYYYYYYYYYYYYY
LLPPZNJWUDFFFFFFFFFFFFFFF
LLPPZNCWUDFFFFFFFFFFFFFFF
LLPPZNVXUDFFFFFFFFFFFFFFF
LLPPZNVXUDFFFFFFFFFFFFFFF
LLPPZBVXUDFFFFFFFFFFFFFFF
LLPPZBHXUDFFFFFFFFFFFFFFF
LLPPZBHXEDFFFFFFFFFFFFFFF
LLPPZBHXEDFFFFFFFFFFFFFFF
LLPPZBHXEDFFFFFFFFFFFFFFF
