Case #1:
GGG
CCJ
CCJ
Case #2:
CODE
CODE
CJAM
Case #3:
CA
KE
Case #4:
FED
AHC
ABG
ABG
Case #5:
GGAD
HHFC
HHBE
Case #6:
ACCE
ACCE
BBDF
Case #7:
FGLI
DEBH
JKCA
Case #8:
AAAA
BBBB
CCCC
Case #9:
CBB
EBB
EDD
AAF
Case #10:
LKB
AFH
JID
GCE
Case #11:
AADD
AAEB
AACB
Case #12:
BBBD
BBBD
CEAD
Case #13:
AA
AA
AA
BB
Case #14:
CCJJ
CCJJ
CCJJ
Case #15:
ABCD
ABCD
ABCD
Case #16:
BBF
BBF
ECD
EAD
Case #17:
FFD
FFB
GGH
EAC
Case #18:
EBAA
IGFC
DJHK
Case #19:
AIFF
HCBE
JGDK
Case #20:
GBA
GFD
GCE
GCE
Case #21:
ACE
ACE
ADE
AFB
Case #22:
BDA
FEC
FEG
FEG
Case #23:
AABB
CCCD
EEFD
Case #24:
AA
Case #25:
FFF
DAG
CEH
CBH
Case #26:
AB
AB
Case #27:
EEE
EEE
ABB
FCD
Case #28:
EAA
EAA
FFB
DCB
Case #29:
AFF
DCB
DEB
DEB
Case #30:
BBA
BBA
DDE
CFE
Case #31:
AAAA
BBBB
CCCC
Case #32:
CBA
Case #33:
DDEC
DDFA
DDFB
Case #34:
AAAB
AAAD
ECCD
Case #35:
AABBCC
DDDEEF
Case #36:
ADD
BDD
CCE
Case #37:
EEE
EEE
DFF
CBA
Case #38:
EEAA
DDBC
DDBC
Case #39:
AB
CB
Case #40:
EEEC
EEEA
BBDA
Case #41:
DECA
DECA
DBCA
Case #42:
DEBC
DEAC
DEAC
Case #43:
DDE
BCA
Case #44:
AAAA
BBBB
CCCC
Case #45:
CDD
EDD
FFB
AAB
Case #46:
AAAA
BBBB
CCCC
Case #47:
AAAB
AAAC
DDDE
Case #48:
CAE
CAE
DBF
DBF
Case #49:
A
B
Case #50:
DDD
DDD
EFF
ACB
Case #51:
CCC
BAA
DAA
DFE
Case #52:
BA
Case #53:
ABCD
ABCD
ABCD
Case #54:
AAA
Case #55:
A
A
Case #56:
AAB
AAB
Case #57:
BE
BE
BA
BA
BD
BC
Case #58:
AAA
AAA
Case #59:
DEA
BCF
Case #60:
AA
AA
Case #61:
BECA
BEDA
BEDA
Case #62:
AAB
CCB
CCD
EEF
Case #63:
CDD
BAA
Case #64:
ABCD
ABCD
ABCD
Case #65:
AC
BD
Case #66:
GFB
EKA
JDC
HIL
Case #67:
BBE
BBE
FFE
CAD
Case #68:
CII
KEF
HAG
DBJ
Case #69:
HBC
EJI
FGA
DGA
Case #70:
AAAB
AAAB
Case #71:
BDD
BAA
CEE
CFF
Case #72:
EGCB
EDFA
EDFA
Case #73:
BBB
CCD
AED
FED
Case #74:
BBB
AAC
FFE
DDE
Case #75:
BBBB
DEEE
DAAC
Case #76:
BGI
DCH
KFA
JEA
Case #77:
CCEE
CCAA
CCDB
Case #78:
DDDE
AAAB
CCCB
Case #79:
BBBB
BBBB
EACD
Case #80:
BCC
BAA
Case #81:
BBBB
DDDE
ACCE
Case #82:
CCCC
AADB
EEDB
Case #83:
AA
CB
CB
CD
ED
EF
Case #84:
FEE
FBD
FCA
FCA
Case #85:
A
A
B
B
C
C
D
D
E
E
F
F
Case #86:
AAB
DCB
DCE
DFE
Case #87:
AABBCCDDEEFF
Case #88:
FFGC
AADB
AAEH
Case #89:
DEEE
DCBB
DCAA
Case #90:
AABB
AAEE
DDCC
Case #91:
ABC
DBC
DBE
Case #92:
BBB
FGE
DCH
DAH
Case #93:
ADBE
ADCE
ADCE
Case #94:
FDB
FDB
FDB
ACE
Case #95:
FEEE
CDGG
HBAI
Case #96:
BBBD
CCCD
AEED
Case #97:
A
Case #98:
DEHG
IJAK
BLCF
Case #99:
GAFI
GJCE
GDHB
Case #100:
ABB
