Case #1:
GGG
CCJ
CCJ
Case #2:
CODE
CODE
CJAM
Case #3:
CA
KE
Case #4:
AAAA
CCBB
DDDE
Case #5:
AA
AA
Case #6:
CDE
CBA
Case #7:
CCJJ
CCJJ
CCJJ
Case #8:
ACD
ACB
ACB
AFE
Case #9:
EEEE
CCCC
BBAD
Case #10:
FFF
FFF
ECC
ADB
Case #11:
BA
Case #12:
AA
AA
AA
BB
Case #13:
HDC
AFG
BEG
IEG
Case #14:
AABB
CCCD
EEFD
Case #15:
DC
BA
Case #16:
BHH
FAD
EJC
IGK
Case #17:
LEJ
KBC
HGD
IFA
Case #18:
ADI
JBC
KFG
KHE
Case #19:
CCE
IJB
HFD
HGA
Case #20:
EEEC
EEEC
DBBA
Case #21:
AA
CB
CB
CD
ED
EF
Case #22:
BBC
BBC
FFA
EED
Case #23:
AAA
AAA
EFD
GCB
Case #24:
AAA
AAA
Case #25:
ADD
BDD
CCE
Case #26:
AAAA
BBBB
CCCC
Case #27:
EFF
ECD
EAD
EAB
Case #28:
EEE
EEE
CCD
BBA
Case #29:
BBBA
BBBA
EEDC
Case #30:
ABC
DBC
DBE
Case #31:
CCCC
DDDD
BAAE
Case #32:
BBC
ADC
Case #33:
BBBB
DAAA
ECCC
Case #34:
JIGE
ABDK
ACFH
Case #35:
AACE
AADE
BBDE
Case #36:
ACC
DBB
DBB
EFF
Case #37:
CDD
CBE
CAE
CAE
Case #38:
AABB
EEDD
CCDD
Case #39:
CCE
CCE
ADB
AFB
Case #40:
EKAG
DJCH
DFIB
Case #41:
III
JFG
ADH
CEB
Case #42:
ACCE
ACCE
BBDF
Case #43:
HHI
EDJ
GCF
GAB
Case #44:
DDDD
GBAA
FECC
Case #45:
AA
Case #46:
AAAA
BBBB
CCCC
Case #47:
BBAC
BBAC
EDAC
Case #48:
CCF
AAF
DBE
DBE
Case #49:
BDDE
BDDE
ADDC
Case #50:
CCB
CCA
Case #51:
CCDD
BBDD
EADD
Case #52:
DDDB
CCCA
CCCE
Case #53:
CCBB
DABB
DAEE
Case #54:
DDF
CCA
CCA
EEB
Case #55:
ABB
Case #56:
A
Case #57:
EEE
CCC
DFF
DAB
Case #58:
BBBC
BBBA
DDEF
Case #59:
CAD
BEF
Case #60:
BEE
GID
KJA
FCH
Case #61:
BBEC
BBDC
BBAC
Case #62:
CB
AB
Case #63:
AAB
DCB
DCE
DFE
Case #64:
FBAC
FBGE
FBGD
Case #65:
AAAA
BBBB
CCCC
Case #66:
FFBA
EEGH
EEDC
Case #67:
DDB
DDC
FFC
EEA
Case #68:
ABC
Case #69:
DDDD
FBBB
CAEE
Case #70:
BBA
BBA
Case #71:
BCDD
BCDD
BAAE
Case #72:
A
A
Case #73:
CC
CC
AD
AD
AD
BE
Case #74:
AAB
CCB
CCD
EEF
Case #75:
AAAB
AAAB
Case #76:
DAE
FAE
FAE
FCB
Case #77:
EEGH
EEBF
CCAD
Case #78:
EADD
GBIH
FCIH
Case #79:
A
B
Case #80:
BBDD
AAEF
AACF
Case #81:
AABBCCDDEEFF
Case #82:
CCF
BEF
BDF
BAF
Case #83:
HHFG
EEDC
EEBA
Case #84:
AAAA
BBBB
CCCC
Case #85:
GCD
EBA
EFA
EFA
Case #86:
BDD
BFE
BFC
BFA
Case #87:
ABCD
ABCD
ABCD
Case #88:
CCCC
DEEE
DABB
Case #89:
GID
ELH
CAJ
KFB
Case #90:
AAA
Case #91:
BDG
CAE
FHE
FHE
Case #92:
GIII
DFBB
ACEH
Case #93:
BB
AA
Case #94:
CAI
CJB
CDH
GFE
Case #95:
AABBCC
DDDEEF
Case #96:
A
A
B
B
C
C
D
D
E
E
F
F
Case #97:
ABCD
ABCD
ABCD
Case #98:
AAAB
AAAE
CCCD
Case #99:
ABCD
ABCD
ABCD
Case #100:
DDD
AFF
AEE
BBC
