1885643765
1867409152
1865754555
1881585800
1885857166
1870108403
1864465360
1878664987
1886883203
1874370304
1862004116
1876394967
1885644564
1881377299
1865398266
1868804898
1883263236
1881748467
1862364178
1864889741
1884718428
1884600642
1866560653
1863254170
1879421180
1887201788
1873185903
1863747826
1878874391
1884210912
1874801264
1862828345
1871036306
1882200211
1882689131
1865398790
1867295172
1885955409
1884740661
1864133043
1865545678
1884311467
1887618750
1871180764
1863326808
1878501791
1889157658
1874181637
1863881407
1876316795
1883302191
1879003806
1863086754
1866886684
1881448349
1880860833
1861551379
1864714094
1887218419
1886367258
1865830857
1862659657
1880166585
1886309394
1871357779
1862527794
1877067741
1882681174
1873136162
1863019294
1872781745
1884595258
1885031370
1866982484
1870458273
1883915133
1884163228
1863084055
1864905554
1884854039
1886984957
1870263181
1862822221
1878209645
1887124900
1874562654
1865225228
1879285070
1885196786
1878759728
1861389614
1866606699
1882116689
1882011580
1864347993
1866463073
1885829414
1885305571
1867763863
1863500653
