Case #1: 1 0
Case #2: 1 0
Case #3: 1 1
Case #4: 0 0
Case #5: 500 499
Case #6: 0 0
Case #7: 0 0
Case #8: 0 0
Case #9: 0 0
Case #10: 1 0
Case #11: 0 0
Case #12: 1 0
Case #13: 1953 1952
Case #14: 1 0
Case #15: 1 1
Case #16: 0 0
Case #17: 1 1
Case #18: 0 0
Case #19: 0 0
Case #20: 1 0
Case #21: 1 1
Case #22: 0 0
Case #23: 0 0
Case #24: 1 0
Case #25: 1 1
Case #26: 0 0
Case #27: 0 0
Case #28: 125000 124999
Case #29: 500000 499999
Case #30: 1 0
Case #31: 1 0
Case #32: 0 0
Case #33: 1 0
Case #34: 0 0
Case #35: 1 1
Case #36: 0 0
Case #37: 0 0
Case #38: 1 1
Case #39: 250000 249999
Case #40: 0 0
Case #41: 1 0
Case #42: 0 0
Case #43: 1 0
Case #44: 0 0
Case #45: 2 1
Case #46: 1 0
Case #47: 0 0
Case #48: 1 0
Case #49: 0 0
Case #50: 3906 3905
Case #51: 0 0
Case #52: 0 0
Case #53: 0 0
Case #54: 1 0
Case #55: 499999 499999
Case #56: 1 1
Case #57: 0 0
Case #58: 250000 249999
Case #59: 0 0
Case #60: 3906 3905
Case #61: 0 0
Case #62: 3905 3905
Case #63: 249999 249999
Case #64: 0 0
Case #65: 0 0
Case #66: 0 0
Case #67: 3 2
Case #68: 0 0
Case #69: 7812 7811
Case #70: 0 0
Case #71: 0 0
Case #72: 1 0
Case #73: 0 0
Case #74: 1 0
Case #75: 1 1
Case #76: 0 0
Case #77: 0 0
Case #78: 0 0
Case #79: 1 0
Case #80: 1 0
Case #81: 0 0
Case #82: 3 2
Case #83: 0 0
Case #84: 3 2
Case #85: 0 0
Case #86: 0 0
Case #87: 0 0
Case #88: 1 0
Case #89: 0 0
Case #90: 1 1
Case #91: 1 1
Case #92: 7812 7811
Case #93: 0 0
Case #94: 2 2
Case #95: 0 0
Case #96: 0 0
Case #97: 0 0
Case #98: 0 0
Case #99: 1 0
Case #100: 0 0
