Case #1: 4 3
Case #2: 2 0
Case #3: 7 6
Case #4: 247 243
Case #5: 92 87
Case #6: 251 240
Case #7: 112 108
Case #8: 2 1
Case #9: 4 2
Case #10: 250 247
Case #11: 80 77
Case #12: 151 142
Case #13: 21 13
Case #14: 64 61
Case #15: 2 1
Case #16: 247 246
Case #17: 250 245
Case #18: 130 127
Case #19: 250 246
Case #20: 110 107
Case #21: 250 248
Case #22: 124 120
Case #23: 250 249
Case #24: 157 154
Case #25: 298 198
Case #26: 120 117
Case #27: 177 174
Case #28: 220 216
Case #29: 298 197
Case #30: 244 242
Case #31: 77 72
Case #32: 250 248
Case #33: 298 198
Case #34: 187 183
Case #35: 203 199
Case #36: 250 246
Case #37: 251 244
Case #38: 30 28
Case #39: 142 140
Case #40: 298 197
Case #41: 250 248
Case #42: 30 25
Case #43: 40 35
Case #44: 103 99
Case #45: 250 246
Case #46: 2 1
Case #47: 24 20
Case #48: 250 247
Case #49: 80 76
Case #50: 40 36
Case #51: 250 247
Case #52: 250 248
Case #53: 250 248
Case #54: 204 201
Case #55: 250 245
Case #56: 250 247
Case #57: 250 248
Case #58: 107 104
Case #59: 250 245
Case #60: 251 246
Case #61: 250 246
Case #62: 146 141
Case #63: 250 244
Case #64: 250 249
Case #65: 298 197
Case #66: 250 244
Case #67: 192 188
Case #68: 250 247
Case #69: 46 42
Case #70: 190 187
Case #71: 250 248
Case #72: 250 242
Case #73: 208 204
Case #74: 183 177
Case #75: 250 246
Case #76: 93 88
Case #77: 138 132
Case #78: 250 248
Case #79: 70 67
Case #80: 298 198
Case #81: 82 78
Case #82: 250 244
Case #83: 208 204
Case #84: 143 139
Case #85: 130 127
Case #86: 10 7
Case #87: 298 199
Case #88: 194 190
Case #89: 250 242
Case #90: 223 219
Case #91: 250 244
Case #92: 22 19
Case #93: 75 71
Case #94: 250 247
Case #95: 183 178
Case #96: 298 197
Case #97: 110 106
Case #98: 72 69
Case #99: 23 20
Case #100: 65 61
