Case #1: 2 
Case #2: 1 
Case #3: IMPOSSIBLE
Case #4: 1 2 
Case #5: 3 5 
Case #6: 4 7 
Case #7: 97 193 289 385 481 577 673 769 865 961 1057 1153 1249 1345 1441 1537 1633 1729 1825 1921 2017 2113 2209 2305 2401 2497 2593 2689 2785 2881 2977 3073 3169 3265 3361 3457 3553 3649 3745 3841 3937 4033 4129 4225 4321 4417 4513 4609 4705 
Case #8: 1 
Case #9: 42 83 124 165 206 247 288 329 370 411 452 493 534 575 616 657 698 739 780 821 862 
Case #10: 1 2 3 4 5 6 7 8 9 10 11 12 13 14 15 16 17 18 19 20 21 22 23 24 25 26 27 28 29 30 31 32 33 34 35 36 37 38 39 40 41 42 43 44 45 46 47 48 49 50 51 52 53 54 55 56 57 58 59 60 61 62 63 64 65 66 67 68 69 70 71 72 73 74 75 76 77 78 79 80 81 82 83 84 85 86 87 88 89 90 91 92 93 94 95 96 97 98 99 100 
Case #11: IMPOSSIBLE
Case #12: 1 
Case #13: IMPOSSIBLE
Case #14: IMPOSSIBLE
Case #15: IMPOSSIBLE
Case #16: IMPOSSIBLE
Case #17: 1 
Case #18: 1 
Case #19: IMPOSSIBLE
Case #20: IMPOSSIBLE
Case #21: 1 
Case #22: 25 49 73 97 121 145 169 193 217 241 265 289 313 
Case #23: 2 
Case #24: 2 
Case #25: IMPOSSIBLE
Case #26: 97 193 289 385 481 577 673 769 865 961 1057 1153 1249 1345 1441 1537 1633 1729 1825 1921 2017 2113 2209 2305 2401 2497 2593 2689 2785 2881 2977 3073 3169 3265 3361 3457 3553 3649 3745 3841 3937 4033 4129 4225 4321 4417 4513 4609 4705 
Case #27: IMPOSSIBLE
Case #28: 2 
Case #29: 55 109 163 217 271 325 379 433 487 541 595 649 703 757 811 865 919 973 1027 1081 1135 1189 1243 1297 1351 1405 1459 1513 
Case #30: 60 119 178 237 296 355 414 473 532 591 650 709 768 827 886 945 1004 1063 1122 1181 1240 1299 1358 1417 1476 1535 1594 1653 1712 1771 
Case #31: IMPOSSIBLE
Case #32: 3 5 
Case #33: 2 
Case #34: IMPOSSIBLE
Case #35: IMPOSSIBLE
Case #36: 80 159 238 317 396 475 554 633 712 791 870 949 1028 1107 1186 1265 1344 1423 1502 1581 1660 1739 1818 1897 1976 2055 2134 2213 2292 2371 2450 2529 2608 2687 2766 2845 2924 3003 3082 3161 
Case #37: 1 
Case #38: 1 
Case #39: IMPOSSIBLE
Case #40: IMPOSSIBLE
Case #41: 2 
Case #42: 1 
Case #43: 1 
Case #44: 1 
Case #45: IMPOSSIBLE
Case #46: IMPOSSIBLE
Case #47: 1 2 3 4 
Case #48: IMPOSSIBLE
Case #49: 1 
Case #50: IMPOSSIBLE
Case #51: IMPOSSIBLE
Case #52: IMPOSSIBLE
Case #53: IMPOSSIBLE
Case #54: IMPOSSIBLE
Case #55: IMPOSSIBLE
Case #56: IMPOSSIBLE
Case #57: IMPOSSIBLE
Case #58: IMPOSSIBLE
Case #59: 100 199 298 397 496 595 694 793 892 991 1090 1189 1288 1387 1486 1585 1684 1783 1882 1981 2080 2179 2278 2377 2476 2575 2674 2773 2872 2971 3070 3169 3268 3367 3466 3565 3664 3763 3862 3961 4060 4159 4258 4357 4456 4555 4654 4753 4852 4951 
Case #60: 14 27 40 53 66 79 92 
Case #61: IMPOSSIBLE
Case #62: IMPOSSIBLE
Case #63: 29 57 85 113 141 169 197 225 253 281 309 337 365 393 421 
Case #64: IMPOSSIBLE
Case #65: IMPOSSIBLE
Case #66: 7 13 19 25 
Case #67: IMPOSSIBLE
Case #68: IMPOSSIBLE
Case #69: 1 
Case #70: 1 2 3 4 5 6 7 8 9 10 11 12 13 14 15 16 17 18 19 20 21 22 23 24 25 26 27 28 29 30 31 32 33 34 35 36 37 38 39 40 41 42 43 44 45 46 47 48 49 50 51 52 53 54 55 56 57 58 59 60 61 62 63 64 65 66 67 68 69 70 71 72 73 74 75 76 77 78 79 80 81 
Case #71: IMPOSSIBLE
Case #72: 32 63 94 125 156 187 218 249 280 311 342 373 404 435 466 497 
Case #73: 30 59 88 117 146 175 204 233 262 291 320 349 378 407 436 
Case #74: 1 
Case #75: 36 71 106 141 176 211 246 281 316 351 386 421 456 491 526 561 596 631 
Case #76: 1 2 3 4 5 6 7 8 9 10 11 12 13 14 15 16 17 18 19 20 21 22 23 24 25 26 27 28 
Case #77: IMPOSSIBLE
Case #78: IMPOSSIBLE
Case #79: 37 73 109 145 181 217 253 289 325 361 397 433 469 505 541 577 613 649 685 
Case #80: IMPOSSIBLE
Case #81: IMPOSSIBLE
Case #82: IMPOSSIBLE
Case #83: IMPOSSIBLE
Case #84: 1 2 3 
Case #85: IMPOSSIBLE
Case #86: IMPOSSIBLE
Case #87: 10 19 28 37 46 
Case #88: IMPOSSIBLE
Case #89: IMPOSSIBLE
Case #90: 4 7 
Case #91: IMPOSSIBLE
Case #92: 8 15 22 29 
Case #93: IMPOSSIBLE
Case #94: 1 
Case #95: 65 129 193 257 321 385 449 513 577 641 705 769 833 897 961 1025 1089 1153 1217 1281 1345 1409 1473 1537 1601 1665 1729 1793 1857 1921 1985 2049 2113 
Case #96: IMPOSSIBLE
Case #97: IMPOSSIBLE
Case #98: IMPOSSIBLE
Case #99: IMPOSSIBLE
Case #100: IMPOSSIBLE
